Analysis & Synthesis report for uart2eeprom
Wed Nov 29 19:00:44 2023
Quartus Prime Version 17.1.0 Build 590 10/25/2017 SJ Standard Edition


---------------------
; Table of Contents ;
---------------------
  1. Legal Notice
  2. Analysis & Synthesis Summary
  3. Analysis & Synthesis Settings
  4. Parallel Compilation
  5. Analysis & Synthesis Source Files Read
  6. Analysis & Synthesis Resource Usage Summary
  7. Analysis & Synthesis Resource Utilization by Entity
  8. Registers Removed During Synthesis
  9. Removed Registers Triggering Further Register Optimizations
 10. General Register Statistics
 11. Multiplexer Restructuring Statistics (Restructuring Performed)
 12. Parameter Settings for User Entity Instance: Top-level Entity: |i2c_control
 13. Post-Synthesis Netlist Statistics for Top Partition
 14. Elapsed Time Per Partition
 15. Analysis & Synthesis Messages



----------------
; Legal Notice ;
----------------
Copyright (C) 2017  Intel Corporation. All rights reserved.
Your use of Intel Corporation's design tools, logic functions 
and other software and tools, and its AMPP partner logic 
functions, and any output files from any of the foregoing 
(including device programming or simulation files), and any 
associated documentation or information are expressly subject 
to the terms and conditions of the Intel Program License 
Subscription Agreement, the Intel Quartus Prime License Agreement,
the Intel FPGA IP License Agreement, or other applicable license
agreement, including, without limitation, that your use is for
the sole purpose of programming logic devices manufactured by
Intel and sold by Intel or its authorized distributors.  Please
refer to the applicable agreement for further details.



+-----------------------------------------------------------------------------------+
; Analysis & Synthesis Summary                                                      ;
+---------------------------------+-------------------------------------------------+
; Analysis & Synthesis Status     ; Successful - Wed Nov 29 19:00:44 2023           ;
; Quartus Prime Version           ; 17.1.0 Build 590 10/25/2017 SJ Standard Edition ;
; Revision Name                   ; uart2eeprom                                     ;
; Top-level Entity Name           ; i2c_control                                     ;
; Family                          ; Cyclone V                                       ;
; Logic utilization (in ALMs)     ; N/A                                             ;
; Total registers                 ; 0                                               ;
; Total pins                      ; 4                                               ;
; Total virtual pins              ; 0                                               ;
; Total block memory bits         ; 0                                               ;
; Total DSP Blocks                ; 0                                               ;
; Total HSSI RX PCSs              ; 0                                               ;
; Total HSSI PMA RX Deserializers ; 0                                               ;
; Total HSSI TX PCSs              ; 0                                               ;
; Total HSSI PMA TX Serializers   ; 0                                               ;
; Total PLLs                      ; 0                                               ;
; Total DLLs                      ; 0                                               ;
+---------------------------------+-------------------------------------------------+


+---------------------------------------------------------------------------------------------------------------------------+
; Analysis & Synthesis Settings                                                                                             ;
+---------------------------------------------------------------------------------+--------------------+--------------------+
; Option                                                                          ; Setting            ; Default Value      ;
+---------------------------------------------------------------------------------+--------------------+--------------------+
; Device                                                                          ; 5CGXFC7C7F23C8     ;                    ;
; Top-level entity name                                                           ; i2c_control        ; uart2eeprom        ;
; Family name                                                                     ; Cyclone V          ; Cyclone V          ;
; Use smart compilation                                                           ; Off                ; Off                ;
; Enable parallel Assembler and TimeQuest Timing Analyzer during compilation      ; On                 ; On                 ;
; Enable compact report table                                                     ; Off                ; Off                ;
; Restructure Multiplexers                                                        ; Auto               ; Auto               ;
; MLAB Add Timing Constraints For Mixed-Port Feed-Through Mode Setting Don't Care ; Off                ; Off                ;
; Create Debugging Nodes for IP Cores                                             ; Off                ; Off                ;
; Preserve fewer node names                                                       ; On                 ; On                 ;
; Intel FPGA IP Evaluation Mode                                                   ; Enable             ; Enable             ;
; Verilog Version                                                                 ; Verilog_2001       ; Verilog_2001       ;
; VHDL Version                                                                    ; VHDL_1993          ; VHDL_1993          ;
; State Machine Processing                                                        ; Auto               ; Auto               ;
; Safe State Machine                                                              ; Off                ; Off                ;
; Extract Verilog State Machines                                                  ; On                 ; On                 ;
; Extract VHDL State Machines                                                     ; On                 ; On                 ;
; Ignore Verilog initial constructs                                               ; Off                ; Off                ;
; Iteration limit for constant Verilog loops                                      ; 5000               ; 5000               ;
; Iteration limit for non-constant Verilog loops                                  ; 250                ; 250                ;
; Add Pass-Through Logic to Inferred RAMs                                         ; On                 ; On                 ;
; Infer RAMs from Raw Logic                                                       ; On                 ; On                 ;
; Parallel Synthesis                                                              ; On                 ; On                 ;
; DSP Block Balancing                                                             ; Auto               ; Auto               ;
; NOT Gate Push-Back                                                              ; On                 ; On                 ;
; Power-Up Don't Care                                                             ; On                 ; On                 ;
; Remove Redundant Logic Cells                                                    ; Off                ; Off                ;
; Remove Duplicate Registers                                                      ; On                 ; On                 ;
; Ignore CARRY Buffers                                                            ; Off                ; Off                ;
; Ignore CASCADE Buffers                                                          ; Off                ; Off                ;
; Ignore GLOBAL Buffers                                                           ; Off                ; Off                ;
; Ignore ROW GLOBAL Buffers                                                       ; Off                ; Off                ;
; Ignore LCELL Buffers                                                            ; Off                ; Off                ;
; Ignore SOFT Buffers                                                             ; On                 ; On                 ;
; Limit AHDL Integers to 32 Bits                                                  ; Off                ; Off                ;
; Optimization Technique                                                          ; Balanced           ; Balanced           ;
; Carry Chain Length                                                              ; 70                 ; 70                 ;
; Auto Carry Chains                                                               ; On                 ; On                 ;
; Auto Open-Drain Pins                                                            ; On                 ; On                 ;
; Perform WYSIWYG Primitive Resynthesis                                           ; Off                ; Off                ;
; Auto ROM Replacement                                                            ; On                 ; On                 ;
; Auto RAM Replacement                                                            ; On                 ; On                 ;
; Auto DSP Block Replacement                                                      ; On                 ; On                 ;
; Auto Shift Register Replacement                                                 ; Auto               ; Auto               ;
; Allow Shift Register Merging across Hierarchies                                 ; Auto               ; Auto               ;
; Auto Clock Enable Replacement                                                   ; On                 ; On                 ;
; Strict RAM Replacement                                                          ; Off                ; Off                ;
; Allow Synchronous Control Signals                                               ; On                 ; On                 ;
; Force Use of Synchronous Clear Signals                                          ; Off                ; Off                ;
; Auto Resource Sharing                                                           ; Off                ; Off                ;
; Allow Any RAM Size For Recognition                                              ; Off                ; Off                ;
; Allow Any ROM Size For Recognition                                              ; Off                ; Off                ;
; Allow Any Shift Register Size For Recognition                                   ; Off                ; Off                ;
; Use LogicLock Constraints during Resource Balancing                             ; On                 ; On                 ;
; Ignore translate_off and synthesis_off directives                               ; Off                ; Off                ;
; Timing-Driven Synthesis                                                         ; On                 ; On                 ;
; Report Parameter Settings                                                       ; On                 ; On                 ;
; Report Source Assignments                                                       ; On                 ; On                 ;
; Report Connectivity Checks                                                      ; On                 ; On                 ;
; Ignore Maximum Fan-Out Assignments                                              ; Off                ; Off                ;
; Synchronization Register Chain Length                                           ; 3                  ; 3                  ;
; Power Optimization During Synthesis                                             ; Normal compilation ; Normal compilation ;
; HDL message level                                                               ; Level2             ; Level2             ;
; Suppress Register Optimization Related Messages                                 ; Off                ; Off                ;
; Number of Removed Registers Reported in Synthesis Report                        ; 5000               ; 5000               ;
; Number of Swept Nodes Reported in Synthesis Report                              ; 5000               ; 5000               ;
; Number of Inverted Registers Reported in Synthesis Report                       ; 100                ; 100                ;
; Clock MUX Protection                                                            ; On                 ; On                 ;
; Auto Gated Clock Conversion                                                     ; Off                ; Off                ;
; Block Design Naming                                                             ; Auto               ; Auto               ;
; SDC constraint protection                                                       ; Off                ; Off                ;
; Synthesis Effort                                                                ; Auto               ; Auto               ;
; Shift Register Replacement - Allow Asynchronous Clear Signal                    ; On                 ; On                 ;
; Pre-Mapping Resynthesis Optimization                                            ; Off                ; Off                ;
; Analysis & Synthesis Message Level                                              ; Medium             ; Medium             ;
; Disable Register Merging Across Hierarchies                                     ; Auto               ; Auto               ;
; Resource Aware Inference For Block RAM                                          ; On                 ; On                 ;
; Automatic Parallel Synthesis                                                    ; On                 ; On                 ;
; Partial Reconfiguration Bitstream ID                                            ; Off                ; Off                ;
+---------------------------------------------------------------------------------+--------------------+--------------------+


+------------------------------------------+
; Parallel Compilation                     ;
+----------------------------+-------------+
; Processors                 ; Number      ;
+----------------------------+-------------+
; Number detected on machine ; 16          ;
; Maximum allowed            ; 16          ;
;                            ;             ;
; Average used               ; 1.00        ;
; Maximum used               ; 1           ;
;                            ;             ;
; Usage by Processor         ; % Time Used ;
;     Processor 1            ; 100.0%      ;
+----------------------------+-------------+


+---------------------------------------------------------------------------------------------------------------------------------------------------+
; Analysis & Synthesis Source Files Read                                                                                                            ;
+----------------------------------+-----------------+------------------------+-----------------------------------------------------------+---------+
; File Name with User-Entered Path ; Used in Netlist ; File Type              ; File Name with Absolute Path                              ; Library ;
+----------------------------------+-----------------+------------------------+-----------------------------------------------------------+---------+
; ../rtl/i2c_control.v             ; yes             ; User Verilog HDL File  ; C:/fpga/workspace/fpga-exps/uart2eeprom/rtl/i2c_control.v ;         ;
+----------------------------------+-----------------+------------------------+-----------------------------------------------------------+---------+


+----------------------------------------------------------+
; Analysis & Synthesis Resource Usage Summary              ;
+---------------------------------------------+------------+
; Resource                                    ; Usage      ;
+---------------------------------------------+------------+
; Estimate of Logic utilization (ALMs needed) ; 0          ;
;                                             ;            ;
; Combinational ALUT usage for logic          ; 0          ;
;     -- 7 input functions                    ; 0          ;
;     -- 6 input functions                    ; 0          ;
;     -- 5 input functions                    ; 0          ;
;     -- 4 input functions                    ; 0          ;
;     -- <=3 input functions                  ; 0          ;
;                                             ;            ;
; Dedicated logic registers                   ; 0          ;
;                                             ;            ;
; I/O pins                                    ; 4          ;
;                                             ;            ;
; Total DSP Blocks                            ; 0          ;
;                                             ;            ;
; Maximum fan-out node                        ; SDA~output ;
; Maximum fan-out                             ; 1          ;
; Total fan-out                               ; 5          ;
; Average fan-out                             ; 0.56       ;
+---------------------------------------------+------------+


+----------------------------------------------------------------------------------------------------------------------------------------------------------------------------------------+
; Analysis & Synthesis Resource Utilization by Entity                                                                                                                                    ;
+----------------------------+---------------------+---------------------------+-------------------+------------+------+--------------+---------------------+-------------+--------------+
; Compilation Hierarchy Node ; Combinational ALUTs ; Dedicated Logic Registers ; Block Memory Bits ; DSP Blocks ; Pins ; Virtual Pins ; Full Hierarchy Name ; Entity Name ; Library Name ;
+----------------------------+---------------------+---------------------------+-------------------+------------+------+--------------+---------------------+-------------+--------------+
; |i2c_control               ; 0 (0)               ; 0 (0)                     ; 0                 ; 0          ; 4    ; 0            ; |i2c_control        ; i2c_control ; work         ;
+----------------------------+---------------------+---------------------------+-------------------+------------+------+--------------+---------------------+-------------+--------------+
Note: For table entries with two numbers listed, the numbers in parentheses indicate the number of resources of the given type used by the specific entity alone. The numbers listed outside of parentheses indicate the total resources of the given type used by the specific entity and all of its sub-entities in the hierarchy.


+--------------------------------------------------------------------------------------+
; Registers Removed During Synthesis                                                   ;
+----------------------------------------+---------------------------------------------+
; Register name                          ; Reason for Removal                          ;
+----------------------------------------+---------------------------------------------+
; state[3..8]                            ; Stuck at GND due to stuck port data_in      ;
; control_byte[7]                        ; Stuck at GND due to stuck port data_in      ;
; scl_low                                ; Lost fanout                                 ;
; state[0]                               ; Stuck at VCC due to stuck port data_in      ;
; i2c_sda_od                             ; Stuck at VCC due to stuck port clock_enable ;
; state[1]                               ; Stuck at GND due to stuck port clock_enable ;
; scl_high                               ; Lost fanout                                 ;
; state[2]                               ; Stuck at GND due to stuck port data_in      ;
; aoe                                    ; Lost fanout                                 ;
; scl_cnt[0..15]                         ; Lost fanout                                 ;
; Total Number of Removed Registers = 30 ;                                             ;
+----------------------------------------+---------------------------------------------+


+------------------------------------------------------------------------------------------------------------------------------------------+
; Removed Registers Triggering Further Register Optimizations                                                                              ;
+-----------------+---------------------------+--------------------------------------------------------------------------------------------+
; Register name   ; Reason for Removal        ; Registers Removed due to This Register                                                     ;
+-----------------+---------------------------+--------------------------------------------------------------------------------------------+
; control_byte[7] ; Stuck at GND              ; scl_low, i2c_sda_od, aoe, scl_cnt[15], scl_cnt[14], scl_cnt[13], scl_cnt[12], scl_cnt[11], ;
;                 ; due to stuck port data_in ; scl_cnt[10], scl_cnt[9], scl_cnt[8], scl_cnt[7], scl_cnt[6], scl_cnt[5], scl_cnt[4],       ;
;                 ;                           ; scl_cnt[3], scl_cnt[2], scl_cnt[1], scl_cnt[0]                                             ;
; state[0]        ; Stuck at VCC              ; scl_high                                                                                   ;
;                 ; due to stuck port data_in ;                                                                                            ;
+-----------------+---------------------------+--------------------------------------------------------------------------------------------+


+------------------------------------------------------+
; General Register Statistics                          ;
+----------------------------------------------+-------+
; Statistic                                    ; Value ;
+----------------------------------------------+-------+
; Total registers                              ; 0     ;
; Number of registers using Synchronous Clear  ; 0     ;
; Number of registers using Synchronous Load   ; 0     ;
; Number of registers using Asynchronous Clear ; 0     ;
; Number of registers using Asynchronous Load  ; 0     ;
; Number of registers using Clock Enable       ; 0     ;
; Number of registers using Preset             ; 0     ;
+----------------------------------------------+-------+


+------------------------------------------------------------------------------------------------------------------------------------------+
; Multiplexer Restructuring Statistics (Restructuring Performed)                                                                           ;
+--------------------+-----------+---------------+----------------------+------------------------+------------+----------------------------+
; Multiplexer Inputs ; Bus Width ; Baseline Area ; Area if Restructured ; Saving if Restructured ; Registered ; Example Multiplexer Output ;
+--------------------+-----------+---------------+----------------------+------------------------+------------+----------------------------+
; 8:1                ; 2 bits    ; 10 LEs        ; 8 LEs                ; 2 LEs                  ; Yes        ; |i2c_control|state[1]      ;
+--------------------+-----------+---------------+----------------------+------------------------+------------+----------------------------+


+-----------------------------------------------------------------------------+
; Parameter Settings for User Entity Instance: Top-level Entity: |i2c_control ;
+----------------+----------+-------------------------------------------------+
; Parameter Name ; Value    ; Type                                            ;
+----------------+----------+-------------------------------------------------+
; sys_clock      ; 50000000 ; Signed Integer                                  ;
; i2c_clock      ; 400000   ; Signed Integer                                  ;
+----------------+----------+-------------------------------------------------+
Note: In order to hide this table in the UI and the text report file, please set the "Show Parameter Settings in Synthesis Report" option in "Analysis and Synthesis Settings -> More Settings" to "Off".


+-----------------------------------------------------+
; Post-Synthesis Netlist Statistics for Top Partition ;
+-----------------------+-----------------------------+
; Type                  ; Count                       ;
+-----------------------+-----------------------------+
; arriav_io_obuf        ; 1                           ;
; arriav_lcell_comb     ; 1                           ;
;     normal            ; 1                           ;
;         0 data inputs ; 1                           ;
; boundary_port         ; 4                           ;
;                       ;                             ;
; Max LUT depth         ; 0.00                        ;
; Average LUT depth     ; 0.00                        ;
+-----------------------+-----------------------------+


+-------------------------------+
; Elapsed Time Per Partition    ;
+----------------+--------------+
; Partition Name ; Elapsed Time ;
+----------------+--------------+
; Top            ; 00:00:00     ;
+----------------+--------------+


+-------------------------------+
; Analysis & Synthesis Messages ;
+-------------------------------+
Info: *******************************************************************
Info: Running Quartus Prime Analysis & Synthesis
    Info: Version 17.1.0 Build 590 10/25/2017 SJ Standard Edition
    Info: Processing started: Wed Nov 29 19:00:36 2023
Info: Command: quartus_map --read_settings_files=on --write_settings_files=off uart2eeprom -c uart2eeprom
Warning (18236): Number of processors has not been specified which may cause overloading on shared machines.  Set the global assignment NUM_PARALLEL_PROCESSORS in your QSF to an appropriate value for best performance.
Info (20030): Parallel compilation is enabled and will use 16 of the 16 processors detected
Info (12021): Found 1 design units, including 1 entities, in source file /fpga/workspace/fpga-exps/uart2eeprom/rtl/i2c_control.v
    Info (12023): Found entity 1: i2c_control File: C:/fpga/workspace/fpga-exps/uart2eeprom/rtl/i2c_control.v Line: 2
Info (12021): Found 1 design units, including 1 entities, in source file /fpga/workspace/fpga-exps/uart2eeprom/rtl/uart2eeprom.v
    Info (12023): Found entity 1: uart2eeprom File: C:/fpga/workspace/fpga-exps/uart2eeprom/rtl/uart2eeprom.v Line: 1
Info (12127): Elaborating entity "i2c_control" for the top level hierarchy
Warning (10858): Verilog HDL warning at i2c_control.v(34): object done used but never assigned File: C:/fpga/workspace/fpga-exps/uart2eeprom/rtl/i2c_control.v Line: 34
Warning (10858): Verilog HDL warning at i2c_control.v(35): object rd used but never assigned File: C:/fpga/workspace/fpga-exps/uart2eeprom/rtl/i2c_control.v Line: 35
Warning (10858): Verilog HDL warning at i2c_control.v(36): object wr used but never assigned File: C:/fpga/workspace/fpga-exps/uart2eeprom/rtl/i2c_control.v Line: 36
Warning (10858): Verilog HDL warning at i2c_control.v(118): object word_addr used but never assigned File: C:/fpga/workspace/fpga-exps/uart2eeprom/rtl/i2c_control.v Line: 118
Warning (10036): Verilog HDL or VHDL warning at i2c_control.v(121): object "sda_r" assigned a value but never read File: C:/fpga/workspace/fpga-exps/uart2eeprom/rtl/i2c_control.v Line: 121
Warning (10036): Verilog HDL or VHDL warning at i2c_control.v(122): object "bit_cnt" assigned a value but never read File: C:/fpga/workspace/fpga-exps/uart2eeprom/rtl/i2c_control.v Line: 122
Warning (10230): Verilog HDL assignment warning at i2c_control.v(57): truncated value with size 32 to match size of target (16) File: C:/fpga/workspace/fpga-exps/uart2eeprom/rtl/i2c_control.v Line: 57
Warning (10242): Verilog HDL Function Declaration warning at i2c_control.v(133): variable "bit_cnt" may have a Don't Care value because it may not be assigned a value in every possible path through the statements preceding its use File: C:/fpga/workspace/fpga-exps/uart2eeprom/rtl/i2c_control.v Line: 133
Warning (10242): Verilog HDL Function Declaration warning at i2c_control.v(134): variable "bit_cnt" may have a Don't Care value because it may not be assigned a value in every possible path through the statements preceding its use File: C:/fpga/workspace/fpga-exps/uart2eeprom/rtl/i2c_control.v Line: 134
Warning (10242): Verilog HDL Function Declaration warning at i2c_control.v(145): variable "bit_cnt" may have a Don't Care value because it may not be assigned a value in every possible path through the statements preceding its use File: C:/fpga/workspace/fpga-exps/uart2eeprom/rtl/i2c_control.v Line: 145
Warning (10230): Verilog HDL assignment warning at i2c_control.v(145): truncated value with size 32 to match size of target (4) File: C:/fpga/workspace/fpga-exps/uart2eeprom/rtl/i2c_control.v Line: 145
Warning (10242): Verilog HDL Function Declaration warning at i2c_control.v(147): variable "bit_cnt" may have a Don't Care value because it may not be assigned a value in every possible path through the statements preceding its use File: C:/fpga/workspace/fpga-exps/uart2eeprom/rtl/i2c_control.v Line: 147
Warning (10242): Verilog HDL Function Declaration warning at i2c_control.v(149): variable "bit_cnt" may have a Don't Care value because it may not be assigned a value in every possible path through the statements preceding its use File: C:/fpga/workspace/fpga-exps/uart2eeprom/rtl/i2c_control.v Line: 149
Warning (10230): Verilog HDL assignment warning at i2c_control.v(155): truncated value with size 9 to match size of target (1) File: C:/fpga/workspace/fpga-exps/uart2eeprom/rtl/i2c_control.v Line: 155
Warning (10242): Verilog HDL Function Declaration warning at i2c_control.v(162): variable "bit_cnt" may have a Don't Care value because it may not be assigned a value in every possible path through the statements preceding its use File: C:/fpga/workspace/fpga-exps/uart2eeprom/rtl/i2c_control.v Line: 162
Warning (10776): Verilog HDL warning at i2c_control.v(129): variable i2c_sda_od in static task or function send8bit may have unintended latch behavior File: C:/fpga/workspace/fpga-exps/uart2eeprom/rtl/i2c_control.v Line: 129
Warning (10776): Verilog HDL warning at i2c_control.v(131): variable bit_cnt in static task or function send8bit may have unintended latch behavior File: C:/fpga/workspace/fpga-exps/uart2eeprom/rtl/i2c_control.v Line: 131
Warning (10776): Verilog HDL warning at i2c_control.v(130): variable state in static task or function send8bit may have unintended latch behavior File: C:/fpga/workspace/fpga-exps/uart2eeprom/rtl/i2c_control.v Line: 130
Info (10264): Verilog HDL Case Statement information at i2c_control.v(175): all case item expressions in this case statement are onehot File: C:/fpga/workspace/fpga-exps/uart2eeprom/rtl/i2c_control.v Line: 175
Warning (10030): Net "send8bit.bit_cnt" at i2c_control.v(131) has no driver or initial value, using a default initial value '0' File: C:/fpga/workspace/fpga-exps/uart2eeprom/rtl/i2c_control.v Line: 131
Warning (10030): Net "word_addr" at i2c_control.v(118) has no driver or initial value, using a default initial value '0' File: C:/fpga/workspace/fpga-exps/uart2eeprom/rtl/i2c_control.v Line: 118
Warning (10030): Net "send8bit.i2c_sda_od" at i2c_control.v(129) has no driver or initial value, using a default initial value '0' File: C:/fpga/workspace/fpga-exps/uart2eeprom/rtl/i2c_control.v Line: 129
Warning (10030): Net "send8bit.state" at i2c_control.v(130) has no driver or initial value, using a default initial value '0' File: C:/fpga/workspace/fpga-exps/uart2eeprom/rtl/i2c_control.v Line: 130
Warning (10030): Net "rd" at i2c_control.v(35) has no driver or initial value, using a default initial value '0' File: C:/fpga/workspace/fpga-exps/uart2eeprom/rtl/i2c_control.v Line: 35
Warning (10030): Net "wr" at i2c_control.v(36) has no driver or initial value, using a default initial value '0' File: C:/fpga/workspace/fpga-exps/uart2eeprom/rtl/i2c_control.v Line: 36
Warning (10034): Output port "SCL" at i2c_control.v(22) has no driver File: C:/fpga/workspace/fpga-exps/uart2eeprom/rtl/i2c_control.v Line: 22
Warning (13024): Output pins are stuck at VCC or GND
    Warning (13410): Pin "SCL" is stuck at GND File: C:/fpga/workspace/fpga-exps/uart2eeprom/rtl/i2c_control.v Line: 22
Info (17049): 19 registers lost all their fanouts during netlist optimizations.
Info (16010): Generating hard_block partition "hard_block:auto_generated_inst"
    Info (16011): Adding 0 node(s), including 0 DDIO, 0 PLL, 0 transceiver and 0 LCELL
Warning (21074): Design contains 2 input pin(s) that do not drive logic
    Warning (15610): No output dependent on input pin "clk" File: C:/fpga/workspace/fpga-exps/uart2eeprom/rtl/i2c_control.v Line: 18
    Warning (15610): No output dependent on input pin "rst_n" File: C:/fpga/workspace/fpga-exps/uart2eeprom/rtl/i2c_control.v Line: 19
Info (21057): Implemented 4 device resources after synthesis - the final resource count might be different
    Info (21058): Implemented 2 input pins
    Info (21059): Implemented 1 output pins
    Info (21060): Implemented 1 bidirectional pins
Info: Quartus Prime Analysis & Synthesis was successful. 0 errors, 31 warnings
    Info: Peak virtual memory: 4799 megabytes
    Info: Processing ended: Wed Nov 29 19:00:44 2023
    Info: Elapsed time: 00:00:08
    Info: Total CPU time (on all processors): 00:00:06


