Flow report for arp_send_rgmii
Fri Dec 08 11:19:42 2023
Quartus Prime Version 17.1.0 Build 590 10/25/2017 SJ Standard Edition


---------------------
; Table of Contents ;
---------------------
  1. Legal Notice
  2. Flow Summary
  3. Flow Settings
  4. Flow Non-Default Global Settings
  5. Flow Elapsed Time
  6. Flow OS Summary
  7. Flow Log
  8. Flow Messages
  9. Flow Suppressed Messages



----------------
; Legal Notice ;
----------------
Copyright (C) 2017  Intel Corporation. All rights reserved.
Your use of Intel Corporation's design tools, logic functions 
and other software and tools, and its AMPP partner logic 
functions, and any output files from any of the foregoing 
(including device programming or simulation files), and any 
associated documentation or information are expressly subject 
to the terms and conditions of the Intel Program License 
Subscription Agreement, the Intel Quartus Prime License Agreement,
the Intel FPGA IP License Agreement, or other applicable license
agreement, including, without limitation, that your use is for
the sole purpose of programming logic devices manufactured by
Intel and sold by Intel or its authorized distributors.  Please
refer to the applicable agreement for further details.



+--------------------------------------------------------------------------------------+
; Flow Summary                                                                         ;
+------------------------------------+-------------------------------------------------+
; Flow Status                        ; Successful - Fri Dec 08 11:19:42 2023           ;
; Quartus Prime Version              ; 17.1.0 Build 590 10/25/2017 SJ Standard Edition ;
; Revision Name                      ; arp_send_rgmii                                  ;
; Top-level Entity Name              ; arp_send_rgmii                                  ;
; Family                             ; Cyclone IV E                                    ;
; Device                             ; EP4CE10F17C8                                    ;
; Timing Models                      ; Final                                           ;
; Total logic elements               ; 277 / 10,320 ( 3 % )                            ;
;     Total combinational functions  ; 277 / 10,320 ( 3 % )                            ;
;     Dedicated logic registers      ; 110 / 10,320 ( 1 % )                            ;
; Total registers                    ; 122                                             ;
; Total pins                         ; 9 / 180 ( 5 % )                                 ;
; Total virtual pins                 ; 0                                               ;
; Total memory bits                  ; 0 / 423,936 ( 0 % )                             ;
; Embedded Multiplier 9-bit elements ; 0 / 46 ( 0 % )                                  ;
; Total PLLs                         ; 1 / 2 ( 50 % )                                  ;
+------------------------------------+-------------------------------------------------+


+-----------------------------------------+
; Flow Settings                           ;
+-------------------+---------------------+
; Option            ; Setting             ;
+-------------------+---------------------+
; Start date & time ; 12/08/2023 11:19:25 ;
; Main task         ; Compilation         ;
; Revision Name     ; arp_send_rgmii      ;
+-------------------+---------------------+


+---------------------------------------------------------------------------------------------------------------------------------+
; Flow Non-Default Global Settings                                                                                                ;
+--------------------------------------+----------------------------------------+---------------+-------------+-------------------+
; Assignment Name                      ; Value                                  ; Default Value ; Entity Name ; Section Id        ;
+--------------------------------------+----------------------------------------+---------------+-------------+-------------------+
; COMPILER_SIGNATURE_ID                ; 40632979562199.170200556429524         ; --            ; --          ; --                ;
; EDA_DESIGN_INSTANCE_NAME             ; NA                                     ; --            ; --          ; arp_send_rgmii_tb ;
; EDA_DESIGN_INSTANCE_NAME             ; NA                                     ; --            ; --          ; eth_send_frame_tb ;
; EDA_NATIVELINK_SIMULATION_TEST_BENCH ; arp_send_rgmii_tb                      ; --            ; --          ; eda_simulation    ;
; EDA_OUTPUT_DATA_FORMAT               ; Verilog Hdl                            ; --            ; --          ; eda_simulation    ;
; EDA_SIMULATION_TOOL                  ; ModelSim-Altera (Verilog)              ; <None>        ; --          ; --                ;
; EDA_TEST_BENCH_ENABLE_STATUS         ; TEST_BENCH_MODE                        ; --            ; --          ; eda_simulation    ;
; EDA_TEST_BENCH_FILE                  ; ../testbench/arp_send_rgmii_tb.v       ; --            ; --          ; arp_send_rgmii_tb ;
; EDA_TEST_BENCH_FILE                  ; ../testbench/eth_send_frame_tb.v       ; --            ; --          ; eth_send_frame_tb ;
; EDA_TEST_BENCH_MODULE_NAME           ; arp_send_rgmii_tb                      ; --            ; --          ; arp_send_rgmii_tb ;
; EDA_TEST_BENCH_MODULE_NAME           ; eth_send_frame_tb                      ; --            ; --          ; eth_send_frame_tb ;
; EDA_TEST_BENCH_NAME                  ; arp_send_rgmii_tb                      ; --            ; --          ; eda_simulation    ;
; EDA_TEST_BENCH_NAME                  ; eth_send_frame_tb                      ; --            ; --          ; eda_simulation    ;
; EDA_TIME_SCALE                       ; 1 ps                                   ; --            ; --          ; eda_simulation    ;
; MAX_CORE_JUNCTION_TEMP               ; 85                                     ; --            ; --          ; --                ;
; MIN_CORE_JUNCTION_TEMP               ; 0                                      ; --            ; --          ; --                ;
; MISC_FILE                            ; ../ip/pll/pll_bb.v                     ; --            ; --          ; --                ;
; MISC_FILE                            ; ../ip/pll/pll.ppf                      ; --            ; --          ; --                ;
; PARTITION_COLOR                      ; -- (Not supported for targeted family) ; --            ; --          ; Top               ;
; PARTITION_FITTER_PRESERVATION_LEVEL  ; -- (Not supported for targeted family) ; --            ; --          ; Top               ;
; PARTITION_NETLIST_TYPE               ; -- (Not supported for targeted family) ; --            ; --          ; Top               ;
; POWER_BOARD_THERMAL_MODEL            ; None (CONSERVATIVE)                    ; --            ; --          ; --                ;
; POWER_PRESET_COOLING_SOLUTION        ; 23 MM HEAT SINK WITH 200 LFPM AIRFLOW  ; --            ; --          ; --                ;
; PROJECT_OUTPUT_DIRECTORY             ; output_files                           ; --            ; --          ; --                ;
+--------------------------------------+----------------------------------------+---------------+-------------+-------------------+


+-------------------------------------------------------------------------------------------------------------------------------+
; Flow Elapsed Time                                                                                                             ;
+---------------------------+--------------+-------------------------+---------------------+------------------------------------+
; Module Name               ; Elapsed Time ; Average Processors Used ; Peak Virtual Memory ; Total CPU Time (on all processors) ;
+---------------------------+--------------+-------------------------+---------------------+------------------------------------+
; Analysis & Synthesis      ; 00:00:09     ; 1.0                     ; 4847 MB             ; 00:00:07                           ;
; Fitter                    ; 00:00:03     ; 1.1                     ; 6516 MB             ; 00:00:02                           ;
; Assembler                 ; 00:00:01     ; 1.0                     ; 4671 MB             ; 00:00:00                           ;
; TimeQuest Timing Analyzer ; 00:00:01     ; 1.1                     ; 4898 MB             ; 00:00:01                           ;
; EDA Netlist Writer        ; 00:00:01     ; 1.0                     ; 4643 MB             ; 00:00:01                           ;
; Total                     ; 00:00:15     ; --                      ; --                  ; 00:00:11                           ;
+---------------------------+--------------+-------------------------+---------------------+------------------------------------+


+-----------------------------------------------------------------------------------------+
; Flow OS Summary                                                                         ;
+---------------------------+------------------+------------+------------+----------------+
; Module Name               ; Machine Hostname ; OS Name    ; OS Version ; Processor type ;
+---------------------------+------------------+------------+------------+----------------+
; Analysis & Synthesis      ; Henry            ; Windows 10 ; 10.0       ; x86_64         ;
; Fitter                    ; Henry            ; Windows 10 ; 10.0       ; x86_64         ;
; Assembler                 ; Henry            ; Windows 10 ; 10.0       ; x86_64         ;
; TimeQuest Timing Analyzer ; Henry            ; Windows 10 ; 10.0       ; x86_64         ;
; EDA Netlist Writer        ; Henry            ; Windows 10 ; 10.0       ; x86_64         ;
+---------------------------+------------------+------------+------------+----------------+


------------
; Flow Log ;
------------
quartus_map --read_settings_files=on --write_settings_files=off arp_send_rgmii -c arp_send_rgmii
quartus_fit --read_settings_files=off --write_settings_files=off arp_send_rgmii -c arp_send_rgmii
quartus_asm --read_settings_files=off --write_settings_files=off arp_send_rgmii -c arp_send_rgmii
quartus_sta arp_send_rgmii -c arp_send_rgmii
quartus_eda --read_settings_files=off --write_settings_files=off arp_send_rgmii -c arp_send_rgmii



