Analysis & Synthesis report for fifo
Fri Nov 24 14:14:43 2023
Quartus Prime Version 17.1.0 Build 590 10/25/2017 SJ Standard Edition


---------------------
; Table of Contents ;
---------------------
  1. Legal Notice
  2. Analysis & Synthesis Summary
  3. Analysis & Synthesis Settings
  4. Parallel Compilation
  5. Analysis & Synthesis Source Files Read
  6. Analysis & Synthesis Resource Usage Summary
  7. Analysis & Synthesis Resource Utilization by Entity
  8. Analysis & Synthesis RAM Summary
  9. Analysis & Synthesis IP Cores Summary
 10. General Register Statistics
 11. Source assignments for scfifo:scfifo_component|scfifo_0na1:auto_generated|a_dpfifo_ks31:dpfifo|altsyncram_skm1:FIFOram
 12. Parameter Settings for User Entity Instance: scfifo:scfifo_component
 13. scfifo Parameter Settings by Entity Instance
 14. Post-Synthesis Netlist Statistics for Top Partition
 15. Elapsed Time Per Partition
 16. Analysis & Synthesis Messages



----------------
; Legal Notice ;
----------------
Copyright (C) 2017  Intel Corporation. All rights reserved.
Your use of Intel Corporation's design tools, logic functions 
and other software and tools, and its AMPP partner logic 
functions, and any output files from any of the foregoing 
(including device programming or simulation files), and any 
associated documentation or information are expressly subject 
to the terms and conditions of the Intel Program License 
Subscription Agreement, the Intel Quartus Prime License Agreement,
the Intel FPGA IP License Agreement, or other applicable license
agreement, including, without limitation, that your use is for
the sole purpose of programming logic devices manufactured by
Intel and sold by Intel or its authorized distributors.  Please
refer to the applicable agreement for further details.



+--------------------------------------------------------------------------------------+
; Analysis & Synthesis Summary                                                         ;
+------------------------------------+-------------------------------------------------+
; Analysis & Synthesis Status        ; Successful - Fri Nov 24 14:14:43 2023           ;
; Quartus Prime Version              ; 17.1.0 Build 590 10/25/2017 SJ Standard Edition ;
; Revision Name                      ; fifo                                            ;
; Top-level Entity Name              ; fifo                                            ;
; Family                             ; Cyclone IV E                                    ;
; Total logic elements               ; 51                                              ;
;     Total combinational functions  ; 51                                              ;
;     Dedicated logic registers      ; 28                                              ;
; Total registers                    ; 28                                              ;
; Total pins                         ; 32                                              ;
; Total virtual pins                 ; 0                                               ;
; Total memory bits                  ; 2,048                                           ;
; Embedded Multiplier 9-bit elements ; 0                                               ;
; Total PLLs                         ; 0                                               ;
+------------------------------------+-------------------------------------------------+


+----------------------------------------------------------------------------------------------------------------------+
; Analysis & Synthesis Settings                                                                                        ;
+----------------------------------------------------------------------------+--------------------+--------------------+
; Option                                                                     ; Setting            ; Default Value      ;
+----------------------------------------------------------------------------+--------------------+--------------------+
; Device                                                                     ; EP4CE10F17C8       ;                    ;
; Top-level entity name                                                      ; fifo               ; fifo               ;
; Family name                                                                ; Cyclone IV E       ; Cyclone V          ;
; Use smart compilation                                                      ; Off                ; Off                ;
; Enable parallel Assembler and TimeQuest Timing Analyzer during compilation ; On                 ; On                 ;
; Enable compact report table                                                ; Off                ; Off                ;
; Restructure Multiplexers                                                   ; Auto               ; Auto               ;
; Create Debugging Nodes for IP Cores                                        ; Off                ; Off                ;
; Preserve fewer node names                                                  ; On                 ; On                 ;
; Intel FPGA IP Evaluation Mode                                              ; Enable             ; Enable             ;
; Verilog Version                                                            ; Verilog_2001       ; Verilog_2001       ;
; VHDL Version                                                               ; VHDL_1993          ; VHDL_1993          ;
; State Machine Processing                                                   ; Auto               ; Auto               ;
; Safe State Machine                                                         ; Off                ; Off                ;
; Extract Verilog State Machines                                             ; On                 ; On                 ;
; Extract VHDL State Machines                                                ; On                 ; On                 ;
; Ignore Verilog initial constructs                                          ; Off                ; Off                ;
; Iteration limit for constant Verilog loops                                 ; 5000               ; 5000               ;
; Iteration limit for non-constant Verilog loops                             ; 250                ; 250                ;
; Add Pass-Through Logic to Inferred RAMs                                    ; On                 ; On                 ;
; Infer RAMs from Raw Logic                                                  ; On                 ; On                 ;
; Parallel Synthesis                                                         ; On                 ; On                 ;
; DSP Block Balancing                                                        ; Auto               ; Auto               ;
; NOT Gate Push-Back                                                         ; On                 ; On                 ;
; Power-Up Don't Care                                                        ; On                 ; On                 ;
; Remove Redundant Logic Cells                                               ; Off                ; Off                ;
; Remove Duplicate Registers                                                 ; On                 ; On                 ;
; Ignore CARRY Buffers                                                       ; Off                ; Off                ;
; Ignore CASCADE Buffers                                                     ; Off                ; Off                ;
; Ignore GLOBAL Buffers                                                      ; Off                ; Off                ;
; Ignore ROW GLOBAL Buffers                                                  ; Off                ; Off                ;
; Ignore LCELL Buffers                                                       ; Off                ; Off                ;
; Ignore SOFT Buffers                                                        ; On                 ; On                 ;
; Limit AHDL Integers to 32 Bits                                             ; Off                ; Off                ;
; Optimization Technique                                                     ; Balanced           ; Balanced           ;
; Carry Chain Length                                                         ; 70                 ; 70                 ;
; Auto Carry Chains                                                          ; On                 ; On                 ;
; Auto Open-Drain Pins                                                       ; On                 ; On                 ;
; Perform WYSIWYG Primitive Resynthesis                                      ; Off                ; Off                ;
; Auto ROM Replacement                                                       ; On                 ; On                 ;
; Auto RAM Replacement                                                       ; On                 ; On                 ;
; Auto DSP Block Replacement                                                 ; On                 ; On                 ;
; Auto Shift Register Replacement                                            ; Auto               ; Auto               ;
; Allow Shift Register Merging across Hierarchies                            ; Auto               ; Auto               ;
; Auto Clock Enable Replacement                                              ; On                 ; On                 ;
; Strict RAM Replacement                                                     ; Off                ; Off                ;
; Allow Synchronous Control Signals                                          ; On                 ; On                 ;
; Force Use of Synchronous Clear Signals                                     ; Off                ; Off                ;
; Auto RAM Block Balancing                                                   ; On                 ; On                 ;
; Auto RAM to Logic Cell Conversion                                          ; Off                ; Off                ;
; Auto Resource Sharing                                                      ; Off                ; Off                ;
; Allow Any RAM Size For Recognition                                         ; Off                ; Off                ;
; Allow Any ROM Size For Recognition                                         ; Off                ; Off                ;
; Allow Any Shift Register Size For Recognition                              ; Off                ; Off                ;
; Use LogicLock Constraints during Resource Balancing                        ; On                 ; On                 ;
; Ignore translate_off and synthesis_off directives                          ; Off                ; Off                ;
; Timing-Driven Synthesis                                                    ; On                 ; On                 ;
; Report Parameter Settings                                                  ; On                 ; On                 ;
; Report Source Assignments                                                  ; On                 ; On                 ;
; Report Connectivity Checks                                                 ; On                 ; On                 ;
; Ignore Maximum Fan-Out Assignments                                         ; Off                ; Off                ;
; Synchronization Register Chain Length                                      ; 2                  ; 2                  ;
; Power Optimization During Synthesis                                        ; Normal compilation ; Normal compilation ;
; HDL message level                                                          ; Level2             ; Level2             ;
; Suppress Register Optimization Related Messages                            ; Off                ; Off                ;
; Number of Removed Registers Reported in Synthesis Report                   ; 5000               ; 5000               ;
; Number of Swept Nodes Reported in Synthesis Report                         ; 5000               ; 5000               ;
; Number of Inverted Registers Reported in Synthesis Report                  ; 100                ; 100                ;
; Clock MUX Protection                                                       ; On                 ; On                 ;
; Auto Gated Clock Conversion                                                ; Off                ; Off                ;
; Block Design Naming                                                        ; Auto               ; Auto               ;
; SDC constraint protection                                                  ; Off                ; Off                ;
; Synthesis Effort                                                           ; Auto               ; Auto               ;
; Shift Register Replacement - Allow Asynchronous Clear Signal               ; On                 ; On                 ;
; Pre-Mapping Resynthesis Optimization                                       ; Off                ; Off                ;
; Analysis & Synthesis Message Level                                         ; Medium             ; Medium             ;
; Disable Register Merging Across Hierarchies                                ; Auto               ; Auto               ;
; Resource Aware Inference For Block RAM                                     ; On                 ; On                 ;
+----------------------------------------------------------------------------+--------------------+--------------------+


+------------------------------------------+
; Parallel Compilation                     ;
+----------------------------+-------------+
; Processors                 ; Number      ;
+----------------------------+-------------+
; Number detected on machine ; 16          ;
; Maximum allowed            ; 16          ;
;                            ;             ;
; Average used               ; 1.00        ;
; Maximum used               ; 16          ;
;                            ;             ;
; Usage by Processor         ; % Time Used ;
;     Processor 1            ; 100.0%      ;
;     Processors 2-16        ;   0.0%      ;
+----------------------------+-------------+


+----------------------------------------------------------------------------------------------------------------------------------------------------------------+
; Analysis & Synthesis Source Files Read                                                                                                                         ;
+----------------------------------+-----------------+------------------------------+------------------------------------------------------------------+---------+
; File Name with User-Entered Path ; Used in Netlist ; File Type                    ; File Name with Absolute Path                                     ; Library ;
+----------------------------------+-----------------+------------------------------+------------------------------------------------------------------+---------+
; ../ip/fifo.v                     ; yes             ; User Wizard-Generated File   ; C:/fpga/workspace/fpga-exps/fifo/ip/fifo.v                       ;         ;
; scfifo.tdf                       ; yes             ; Megafunction                 ; c:/intelfpga/17.1/quartus/libraries/megafunctions/scfifo.tdf     ;         ;
; a_regfifo.inc                    ; yes             ; Megafunction                 ; c:/intelfpga/17.1/quartus/libraries/megafunctions/a_regfifo.inc  ;         ;
; a_dpfifo.inc                     ; yes             ; Megafunction                 ; c:/intelfpga/17.1/quartus/libraries/megafunctions/a_dpfifo.inc   ;         ;
; a_i2fifo.inc                     ; yes             ; Megafunction                 ; c:/intelfpga/17.1/quartus/libraries/megafunctions/a_i2fifo.inc   ;         ;
; a_fffifo.inc                     ; yes             ; Megafunction                 ; c:/intelfpga/17.1/quartus/libraries/megafunctions/a_fffifo.inc   ;         ;
; a_f2fifo.inc                     ; yes             ; Megafunction                 ; c:/intelfpga/17.1/quartus/libraries/megafunctions/a_f2fifo.inc   ;         ;
; aglobal171.inc                   ; yes             ; Megafunction                 ; c:/intelfpga/17.1/quartus/libraries/megafunctions/aglobal171.inc ;         ;
; db/scfifo_0na1.tdf               ; yes             ; Auto-Generated Megafunction  ; C:/fpga/workspace/fpga-exps/fifo/proj/db/scfifo_0na1.tdf         ;         ;
; db/a_dpfifo_ks31.tdf             ; yes             ; Auto-Generated Megafunction  ; C:/fpga/workspace/fpga-exps/fifo/proj/db/a_dpfifo_ks31.tdf       ;         ;
; db/a_fefifo_08f.tdf              ; yes             ; Auto-Generated Megafunction  ; C:/fpga/workspace/fpga-exps/fifo/proj/db/a_fefifo_08f.tdf        ;         ;
; db/cntr_fo7.tdf                  ; yes             ; Auto-Generated Megafunction  ; C:/fpga/workspace/fpga-exps/fifo/proj/db/cntr_fo7.tdf            ;         ;
; db/altsyncram_skm1.tdf           ; yes             ; Auto-Generated Megafunction  ; C:/fpga/workspace/fpga-exps/fifo/proj/db/altsyncram_skm1.tdf     ;         ;
; db/cntr_3ob.tdf                  ; yes             ; Auto-Generated Megafunction  ; C:/fpga/workspace/fpga-exps/fifo/proj/db/cntr_3ob.tdf            ;         ;
+----------------------------------+-----------------+------------------------------+------------------------------------------------------------------+---------+


+----------------------------------------------------------+
; Analysis & Synthesis Resource Usage Summary              ;
+---------------------------------------------+------------+
; Resource                                    ; Usage      ;
+---------------------------------------------+------------+
; Estimated Total logic elements              ; 51         ;
;                                             ;            ;
; Total combinational functions               ; 51         ;
; Logic element usage by number of LUT inputs ;            ;
;     -- 4 input functions                    ; 12         ;
;     -- 3 input functions                    ; 12         ;
;     -- <=2 input functions                  ; 27         ;
;                                             ;            ;
; Logic elements by mode                      ;            ;
;     -- normal mode                          ; 30         ;
;     -- arithmetic mode                      ; 21         ;
;                                             ;            ;
; Total registers                             ; 28         ;
;     -- Dedicated logic registers            ; 28         ;
;     -- I/O registers                        ; 0          ;
;                                             ;            ;
; I/O pins                                    ; 32         ;
; Total memory bits                           ; 2048       ;
;                                             ;            ;
; Embedded Multiplier 9-bit elements          ; 0          ;
;                                             ;            ;
; Maximum fan-out node                        ; sclr~input ;
; Maximum fan-out                             ; 39         ;
; Total fan-out                               ; 476        ;
; Average fan-out                             ; 3.15       ;
+---------------------------------------------+------------+


+--------------------------------------------------------------------------------------------------------------------------------------------------------------------------------------------------------------------------------------------------------------------------------------------------------------------------------+
; Analysis & Synthesis Resource Utilization by Entity                                                                                                                                                                                                                                                                            ;
+---------------------------------------+---------------------+---------------------------+-------------+--------------+---------+-----------+------+--------------+----------------------------------------------------------------------------------------------------------------------------+-----------------+--------------+
; Compilation Hierarchy Node            ; Combinational ALUTs ; Dedicated Logic Registers ; Memory Bits ; DSP Elements ; DSP 9x9 ; DSP 18x18 ; Pins ; Virtual Pins ; Full Hierarchy Name                                                                                                        ; Entity Name     ; Library Name ;
+---------------------------------------+---------------------+---------------------------+-------------+--------------+---------+-----------+------+--------------+----------------------------------------------------------------------------------------------------------------------------+-----------------+--------------+
; |fifo                                 ; 51 (1)              ; 28 (0)                    ; 2048        ; 0            ; 0       ; 0         ; 32   ; 0            ; |fifo                                                                                                                      ; fifo            ; work         ;
;    |scfifo:scfifo_component|          ; 50 (0)              ; 28 (0)                    ; 2048        ; 0            ; 0       ; 0         ; 0    ; 0            ; |fifo|scfifo:scfifo_component                                                                                              ; scfifo          ; work         ;
;       |scfifo_0na1:auto_generated|    ; 50 (7)              ; 28 (2)                    ; 2048        ; 0            ; 0       ; 0         ; 0    ; 0            ; |fifo|scfifo:scfifo_component|scfifo_0na1:auto_generated                                                                   ; scfifo_0na1     ; work         ;
;          |a_dpfifo_ks31:dpfifo|       ; 43 (10)             ; 26 (0)                    ; 2048        ; 0            ; 0       ; 0         ; 0    ; 0            ; |fifo|scfifo:scfifo_component|scfifo_0na1:auto_generated|a_dpfifo_ks31:dpfifo                                              ; a_dpfifo_ks31   ; work         ;
;             |a_fefifo_08f:fifo_state| ; 16 (7)              ; 10 (2)                    ; 0           ; 0            ; 0       ; 0         ; 0    ; 0            ; |fifo|scfifo:scfifo_component|scfifo_0na1:auto_generated|a_dpfifo_ks31:dpfifo|a_fefifo_08f:fifo_state                      ; a_fefifo_08f    ; work         ;
;                |cntr_fo7:count_usedw| ; 9 (9)               ; 8 (8)                     ; 0           ; 0            ; 0       ; 0         ; 0    ; 0            ; |fifo|scfifo:scfifo_component|scfifo_0na1:auto_generated|a_dpfifo_ks31:dpfifo|a_fefifo_08f:fifo_state|cntr_fo7:count_usedw ; cntr_fo7        ; work         ;
;             |altsyncram_skm1:FIFOram| ; 0 (0)               ; 0 (0)                     ; 2048        ; 0            ; 0       ; 0         ; 0    ; 0            ; |fifo|scfifo:scfifo_component|scfifo_0na1:auto_generated|a_dpfifo_ks31:dpfifo|altsyncram_skm1:FIFOram                      ; altsyncram_skm1 ; work         ;
;             |cntr_3ob:rd_ptr_count|   ; 8 (8)               ; 8 (8)                     ; 0           ; 0            ; 0       ; 0         ; 0    ; 0            ; |fifo|scfifo:scfifo_component|scfifo_0na1:auto_generated|a_dpfifo_ks31:dpfifo|cntr_3ob:rd_ptr_count                        ; cntr_3ob        ; work         ;
;             |cntr_3ob:wr_ptr|         ; 9 (9)               ; 8 (8)                     ; 0           ; 0            ; 0       ; 0         ; 0    ; 0            ; |fifo|scfifo:scfifo_component|scfifo_0na1:auto_generated|a_dpfifo_ks31:dpfifo|cntr_3ob:wr_ptr                              ; cntr_3ob        ; work         ;
+---------------------------------------+---------------------+---------------------------+-------------+--------------+---------+-----------+------+--------------+----------------------------------------------------------------------------------------------------------------------------+-----------------+--------------+
Note: For table entries with two numbers listed, the numbers in parentheses indicate the number of resources of the given type used by the specific entity alone. The numbers listed outside of parentheses indicate the total resources of the given type used by the specific entity and all of its sub-entities in the hierarchy.


+----------------------------------------------------------------------------------------------------------------------------------------------------------------------------------------------------------------+
; Analysis & Synthesis RAM Summary                                                                                                                                                                               ;
+------------------------------------------------------------------------------------------------------------+------+------------------+--------------+--------------+--------------+--------------+------+------+
; Name                                                                                                       ; Type ; Mode             ; Port A Depth ; Port A Width ; Port B Depth ; Port B Width ; Size ; MIF  ;
+------------------------------------------------------------------------------------------------------------+------+------------------+--------------+--------------+--------------+--------------+------+------+
; scfifo:scfifo_component|scfifo_0na1:auto_generated|a_dpfifo_ks31:dpfifo|altsyncram_skm1:FIFOram|ALTSYNCRAM ; AUTO ; Simple Dual Port ; 256          ; 8            ; 256          ; 8            ; 2048 ; None ;
+------------------------------------------------------------------------------------------------------------+------+------------------+--------------+--------------+--------------+--------------+------+------+


+---------------------------------------------------------------------------------------------------+
; Analysis & Synthesis IP Cores Summary                                                             ;
+--------+--------------+---------+--------------+--------------+-----------------+-----------------+
; Vendor ; IP Core Name ; Version ; Release Date ; License Type ; Entity Instance ; IP Include File ;
+--------+--------------+---------+--------------+--------------+-----------------+-----------------+
; Altera ; FIFO         ; 17.1    ; N/A          ; N/A          ; |fifo           ; ../ip/fifo.v    ;
+--------+--------------+---------+--------------+--------------+-----------------+-----------------+


+------------------------------------------------------+
; General Register Statistics                          ;
+----------------------------------------------+-------+
; Statistic                                    ; Value ;
+----------------------------------------------+-------+
; Total registers                              ; 28    ;
; Number of registers using Synchronous Clear  ; 3     ;
; Number of registers using Synchronous Load   ; 24    ;
; Number of registers using Asynchronous Clear ; 0     ;
; Number of registers using Asynchronous Load  ; 0     ;
; Number of registers using Clock Enable       ; 24    ;
; Number of registers using Preset             ; 0     ;
+----------------------------------------------+-------+


+------------------------------------------------------------------------------------------------------------------------+
; Source assignments for scfifo:scfifo_component|scfifo_0na1:auto_generated|a_dpfifo_ks31:dpfifo|altsyncram_skm1:FIFOram ;
+---------------------------------+--------------------+------+----------------------------------------------------------+
; Assignment                      ; Value              ; From ; To                                                       ;
+---------------------------------+--------------------+------+----------------------------------------------------------+
; OPTIMIZE_POWER_DURING_SYNTHESIS ; NORMAL_COMPILATION ; -    ; -                                                        ;
+---------------------------------+--------------------+------+----------------------------------------------------------+


+----------------------------------------------------------------------+
; Parameter Settings for User Entity Instance: scfifo:scfifo_component ;
+-------------------------+--------------+-----------------------------+
; Parameter Name          ; Value        ; Type                        ;
+-------------------------+--------------+-----------------------------+
; AUTO_CARRY_CHAINS       ; ON           ; AUTO_CARRY                  ;
; IGNORE_CARRY_BUFFERS    ; OFF          ; IGNORE_CARRY                ;
; AUTO_CASCADE_CHAINS     ; ON           ; AUTO_CASCADE                ;
; IGNORE_CASCADE_BUFFERS  ; OFF          ; IGNORE_CASCADE              ;
; lpm_width               ; 8            ; Signed Integer              ;
; LPM_NUMWORDS            ; 256          ; Signed Integer              ;
; LPM_WIDTHU              ; 8            ; Signed Integer              ;
; LPM_SHOWAHEAD           ; OFF          ; Untyped                     ;
; UNDERFLOW_CHECKING      ; ON           ; Untyped                     ;
; OVERFLOW_CHECKING       ; ON           ; Untyped                     ;
; ALLOW_RWCYCLE_WHEN_FULL ; OFF          ; Untyped                     ;
; ADD_RAM_OUTPUT_REGISTER ; OFF          ; Untyped                     ;
; ALMOST_FULL_VALUE       ; 254          ; Signed Integer              ;
; ALMOST_EMPTY_VALUE      ; 2            ; Signed Integer              ;
; ENABLE_ECC              ; FALSE        ; Untyped                     ;
; USE_EAB                 ; ON           ; Untyped                     ;
; MAXIMIZE_SPEED          ; 5            ; Untyped                     ;
; DEVICE_FAMILY           ; Cyclone IV E ; Untyped                     ;
; OPTIMIZE_FOR_SPEED      ; 5            ; Untyped                     ;
; CBXI_PARAMETER          ; scfifo_0na1  ; Untyped                     ;
+-------------------------+--------------+-----------------------------+
Note: In order to hide this table in the UI and the text report file, please set the "Show Parameter Settings in Synthesis Report" option in "Analysis and Synthesis Settings -> More Settings" to "Off".


+------------------------------------------------------+
; scfifo Parameter Settings by Entity Instance         ;
+----------------------------+-------------------------+
; Name                       ; Value                   ;
+----------------------------+-------------------------+
; Number of entity instances ; 1                       ;
; Entity Instance            ; scfifo:scfifo_component ;
;     -- FIFO Type           ; Single Clock            ;
;     -- lpm_width           ; 8                       ;
;     -- LPM_NUMWORDS        ; 256                     ;
;     -- LPM_SHOWAHEAD       ; OFF                     ;
;     -- USE_EAB             ; ON                      ;
+----------------------------+-------------------------+


+-----------------------------------------------------+
; Post-Synthesis Netlist Statistics for Top Partition ;
+-----------------------+-----------------------------+
; Type                  ; Count                       ;
+-----------------------+-----------------------------+
; boundary_port         ; 32                          ;
; cycloneiii_ff         ; 28                          ;
;     ENA SLD           ; 24                          ;
;     SCLR              ; 3                           ;
;     plain             ; 1                           ;
; cycloneiii_lcell_comb ; 53                          ;
;     arith             ; 21                          ;
;         2 data inputs ; 14                          ;
;         3 data inputs ; 7                           ;
;     normal            ; 32                          ;
;         0 data inputs ; 1                           ;
;         1 data inputs ; 5                           ;
;         2 data inputs ; 9                           ;
;         3 data inputs ; 5                           ;
;         4 data inputs ; 12                          ;
; cycloneiii_ram_block  ; 8                           ;
;                       ;                             ;
; Max LUT depth         ; 4.00                        ;
; Average LUT depth     ; 1.78                        ;
+-----------------------+-----------------------------+


+-------------------------------+
; Elapsed Time Per Partition    ;
+----------------+--------------+
; Partition Name ; Elapsed Time ;
+----------------+--------------+
; Top            ; 00:00:00     ;
+----------------+--------------+


+-------------------------------+
; Analysis & Synthesis Messages ;
+-------------------------------+
Info: *******************************************************************
Info: Running Quartus Prime Analysis & Synthesis
    Info: Version 17.1.0 Build 590 10/25/2017 SJ Standard Edition
    Info: Processing started: Fri Nov 24 14:14:35 2023
Info: Command: quartus_map --read_settings_files=on --write_settings_files=off fifo -c fifo
Warning (18236): Number of processors has not been specified which may cause overloading on shared machines.  Set the global assignment NUM_PARALLEL_PROCESSORS in your QSF to an appropriate value for best performance.
Info (20030): Parallel compilation is enabled and will use 16 of the 16 processors detected
Info (12021): Found 1 design units, including 1 entities, in source file /fpga/workspace/fpga-exps/fifo/testbench/fifo_tb.v
    Info (12023): Found entity 1: fifo_tb File: C:/fpga/workspace/fpga-exps/fifo/testbench/fifo_tb.v Line: 5
Info (12021): Found 1 design units, including 1 entities, in source file /fpga/workspace/fpga-exps/fifo/ip/fifo.v
    Info (12023): Found entity 1: fifo File: C:/fpga/workspace/fpga-exps/fifo/ip/fifo.v Line: 39
Info (12021): Found 1 design units, including 1 entities, in source file /fpga/workspace/fpga-exps/fifo/ip/mydcfifo.v
    Info (12023): Found entity 1: mydcfifo File: C:/fpga/workspace/fpga-exps/fifo/ip/mydcfifo.v Line: 39
Info (12021): Found 1 design units, including 1 entities, in source file /fpga/workspace/fpga-exps/fifo/testbench/mydcfifo_tb.v
    Info (12023): Found entity 1: mydcfifo_tb File: C:/fpga/workspace/fpga-exps/fifo/testbench/mydcfifo_tb.v Line: 6
Info (12127): Elaborating entity "fifo" for the top level hierarchy
Info (12128): Elaborating entity "scfifo" for hierarchy "scfifo:scfifo_component" File: C:/fpga/workspace/fpga-exps/fifo/ip/fifo.v Line: 90
Info (12130): Elaborated megafunction instantiation "scfifo:scfifo_component" File: C:/fpga/workspace/fpga-exps/fifo/ip/fifo.v Line: 90
Info (12133): Instantiated megafunction "scfifo:scfifo_component" with the following parameter: File: C:/fpga/workspace/fpga-exps/fifo/ip/fifo.v Line: 90
    Info (12134): Parameter "add_ram_output_register" = "OFF"
    Info (12134): Parameter "almost_empty_value" = "2"
    Info (12134): Parameter "almost_full_value" = "254"
    Info (12134): Parameter "intended_device_family" = "Cyclone IV E"
    Info (12134): Parameter "lpm_numwords" = "256"
    Info (12134): Parameter "lpm_showahead" = "OFF"
    Info (12134): Parameter "lpm_type" = "scfifo"
    Info (12134): Parameter "lpm_width" = "8"
    Info (12134): Parameter "lpm_widthu" = "8"
    Info (12134): Parameter "overflow_checking" = "ON"
    Info (12134): Parameter "underflow_checking" = "ON"
    Info (12134): Parameter "use_eab" = "ON"
Info (12021): Found 1 design units, including 1 entities, in source file db/scfifo_0na1.tdf
    Info (12023): Found entity 1: scfifo_0na1 File: C:/fpga/workspace/fpga-exps/fifo/proj/db/scfifo_0na1.tdf Line: 24
Info (12128): Elaborating entity "scfifo_0na1" for hierarchy "scfifo:scfifo_component|scfifo_0na1:auto_generated" File: c:/intelfpga/17.1/quartus/libraries/megafunctions/scfifo.tdf Line: 299
Info (12021): Found 1 design units, including 1 entities, in source file db/a_dpfifo_ks31.tdf
    Info (12023): Found entity 1: a_dpfifo_ks31 File: C:/fpga/workspace/fpga-exps/fifo/proj/db/a_dpfifo_ks31.tdf Line: 28
Info (12128): Elaborating entity "a_dpfifo_ks31" for hierarchy "scfifo:scfifo_component|scfifo_0na1:auto_generated|a_dpfifo_ks31:dpfifo" File: C:/fpga/workspace/fpga-exps/fifo/proj/db/scfifo_0na1.tdf Line: 39
Info (12021): Found 1 design units, including 1 entities, in source file db/a_fefifo_08f.tdf
    Info (12023): Found entity 1: a_fefifo_08f File: C:/fpga/workspace/fpga-exps/fifo/proj/db/a_fefifo_08f.tdf Line: 24
Info (12128): Elaborating entity "a_fefifo_08f" for hierarchy "scfifo:scfifo_component|scfifo_0na1:auto_generated|a_dpfifo_ks31:dpfifo|a_fefifo_08f:fifo_state" File: C:/fpga/workspace/fpga-exps/fifo/proj/db/a_dpfifo_ks31.tdf Line: 41
Info (12021): Found 1 design units, including 1 entities, in source file db/cntr_fo7.tdf
    Info (12023): Found entity 1: cntr_fo7 File: C:/fpga/workspace/fpga-exps/fifo/proj/db/cntr_fo7.tdf Line: 25
Info (12128): Elaborating entity "cntr_fo7" for hierarchy "scfifo:scfifo_component|scfifo_0na1:auto_generated|a_dpfifo_ks31:dpfifo|a_fefifo_08f:fifo_state|cntr_fo7:count_usedw" File: C:/fpga/workspace/fpga-exps/fifo/proj/db/a_fefifo_08f.tdf Line: 38
Info (12021): Found 1 design units, including 1 entities, in source file db/altsyncram_skm1.tdf
    Info (12023): Found entity 1: altsyncram_skm1 File: C:/fpga/workspace/fpga-exps/fifo/proj/db/altsyncram_skm1.tdf Line: 27
Info (12128): Elaborating entity "altsyncram_skm1" for hierarchy "scfifo:scfifo_component|scfifo_0na1:auto_generated|a_dpfifo_ks31:dpfifo|altsyncram_skm1:FIFOram" File: C:/fpga/workspace/fpga-exps/fifo/proj/db/a_dpfifo_ks31.tdf Line: 42
Info (12021): Found 1 design units, including 1 entities, in source file db/cntr_3ob.tdf
    Info (12023): Found entity 1: cntr_3ob File: C:/fpga/workspace/fpga-exps/fifo/proj/db/cntr_3ob.tdf Line: 25
Info (12128): Elaborating entity "cntr_3ob" for hierarchy "scfifo:scfifo_component|scfifo_0na1:auto_generated|a_dpfifo_ks31:dpfifo|cntr_3ob:rd_ptr_count" File: C:/fpga/workspace/fpga-exps/fifo/proj/db/a_dpfifo_ks31.tdf Line: 43
Info (286030): Timing-Driven Synthesis is running
Info (16010): Generating hard_block partition "hard_block:auto_generated_inst"
    Info (16011): Adding 0 node(s), including 0 DDIO, 0 PLL, 0 transceiver and 0 LCELL
Info (21057): Implemented 91 device resources after synthesis - the final resource count might be different
    Info (21058): Implemented 12 input pins
    Info (21059): Implemented 20 output pins
    Info (21061): Implemented 51 logic cells
    Info (21064): Implemented 8 RAM segments
Info: Quartus Prime Analysis & Synthesis was successful. 0 errors, 1 warning
    Info: Peak virtual memory: 4842 megabytes
    Info: Processing ended: Fri Nov 24 14:14:43 2023
    Info: Elapsed time: 00:00:08
    Info: Total CPU time (on all processors): 00:00:05


