Flow report for HT6221
Fri Nov 24 20:09:36 2023
Quartus Prime Version 17.1.0 Build 590 10/25/2017 SJ Standard Edition


---------------------
; Table of Contents ;
---------------------
  1. Legal Notice
  2. Flow Summary
  3. Flow Settings
  4. Flow Non-Default Global Settings
  5. Flow Elapsed Time
  6. Flow OS Summary
  7. Flow Log
  8. Flow Messages
  9. Flow Suppressed Messages



----------------
; Legal Notice ;
----------------
Copyright (C) 2017  Intel Corporation. All rights reserved.
Your use of Intel Corporation's design tools, logic functions 
and other software and tools, and its AMPP partner logic 
functions, and any output files from any of the foregoing 
(including device programming or simulation files), and any 
associated documentation or information are expressly subject 
to the terms and conditions of the Intel Program License 
Subscription Agreement, the Intel Quartus Prime License Agreement,
the Intel FPGA IP License Agreement, or other applicable license
agreement, including, without limitation, that your use is for
the sole purpose of programming logic devices manufactured by
Intel and sold by Intel or its authorized distributors.  Please
refer to the applicable agreement for further details.



+--------------------------------------------------------------------------------------+
; Flow Summary                                                                         ;
+------------------------------------+-------------------------------------------------+
; Flow Status                        ; Successful - Fri Nov 24 20:09:36 2023           ;
; Quartus Prime Version              ; 17.1.0 Build 590 10/25/2017 SJ Standard Edition ;
; Revision Name                      ; HT6221                                          ;
; Top-level Entity Name              ; HT6221_top                                      ;
; Family                             ; Cyclone IV E                                    ;
; Device                             ; EP4CE10F17C8                                    ;
; Timing Models                      ; Final                                           ;
; Total logic elements               ; 376 / 10,320 ( 4 % )                            ;
;     Total combinational functions  ; 357 / 10,320 ( 3 % )                            ;
;     Dedicated logic registers      ; 189 / 10,320 ( 2 % )                            ;
; Total registers                    ; 189                                             ;
; Total pins                         ; 36 / 180 ( 20 % )                               ;
; Total virtual pins                 ; 0                                               ;
; Total memory bits                  ; 0 / 423,936 ( 0 % )                             ;
; Embedded Multiplier 9-bit elements ; 0 / 46 ( 0 % )                                  ;
; Total PLLs                         ; 0 / 2 ( 0 % )                                   ;
+------------------------------------+-------------------------------------------------+


+-----------------------------------------+
; Flow Settings                           ;
+-------------------+---------------------+
; Option            ; Setting             ;
+-------------------+---------------------+
; Start date & time ; 11/24/2023 20:09:05 ;
; Main task         ; Compilation         ;
; Revision Name     ; HT6221              ;
+-------------------+---------------------+


+----------------------------------------------------------------------------------------------------------------------------------------------+
; Flow Non-Default Global Settings                                                                                                             ;
+--------------------------------------+--------------------------------------------------------+---------------+-------------+----------------+
; Assignment Name                      ; Value                                                  ; Default Value ; Entity Name ; Section Id     ;
+--------------------------------------+--------------------------------------------------------+---------------+-------------+----------------+
; COMPILER_SIGNATURE_ID                ; 209958752850587.170082774526076                        ; --            ; --          ; --             ;
; EDA_DESIGN_INSTANCE_NAME             ; NA                                                     ; --            ; --          ; HT6221_tb      ;
; EDA_NATIVELINK_SIMULATION_TEST_BENCH ; HT6221_tb                                              ; --            ; --          ; eda_simulation ;
; EDA_OUTPUT_DATA_FORMAT               ; Verilog Hdl                                            ; --            ; --          ; eda_simulation ;
; EDA_SIMULATION_TOOL                  ; ModelSim-Altera (Verilog)                              ; <None>        ; --          ; --             ;
; EDA_TEST_BENCH_ENABLE_STATUS         ; TEST_BENCH_MODE                                        ; --            ; --          ; eda_simulation ;
; EDA_TEST_BENCH_FILE                  ; ../testbench/HT6221_tb.v                               ; --            ; --          ; HT6221_tb      ;
; EDA_TEST_BENCH_MODULE_NAME           ; HT6221_tb                                              ; --            ; --          ; HT6221_tb      ;
; EDA_TEST_BENCH_NAME                  ; HT6221_tb                                              ; --            ; --          ; eda_simulation ;
; EDA_TIME_SCALE                       ; 1 ns                                                   ; --            ; --          ; eda_simulation ;
; MAX_CORE_JUNCTION_TEMP               ; 85                                                     ; --            ; --          ; --             ;
; MIN_CORE_JUNCTION_TEMP               ; 0                                                      ; --            ; --          ; --             ;
; MISC_FILE                            ; ip/issp/synthesis/../issp.cmp                          ; --            ; --          ; --             ;
; MISC_FILE                            ; ip/issp/synthesis/../../issp.qsys                      ; --            ; --          ; --             ;
; NOMINAL_CORE_SUPPLY_VOLTAGE          ; 1.2V                                                   ; --            ; --          ; --             ;
; PARTITION_COLOR                      ; -- (Not supported for targeted family)                 ; --            ; HT6221_top  ; Top            ;
; PARTITION_FITTER_PRESERVATION_LEVEL  ; -- (Not supported for targeted family)                 ; --            ; HT6221_top  ; Top            ;
; PARTITION_NETLIST_TYPE               ; -- (Not supported for targeted family)                 ; --            ; HT6221_top  ; Top            ;
; POWER_BOARD_THERMAL_MODEL            ; None (CONSERVATIVE)                                    ; --            ; --          ; --             ;
; POWER_PRESET_COOLING_SOLUTION        ; 23 MM HEAT SINK WITH 200 LFPM AIRFLOW                  ; --            ; --          ; --             ;
; PROJECT_OUTPUT_DIRECTORY             ; output_files                                           ; --            ; --          ; --             ;
; SLD_FILE                             ; ip/issp/synthesis/issp.debuginfo                       ; --            ; --          ; --             ;
; SLD_INFO                             ; QSYS_NAME issp HAS_SOPCINFO 1 GENERATION_ID 1700827456 ; --            ; issp        ; --             ;
; SOPCINFO_FILE                        ; ip/issp/synthesis/../../issp.sopcinfo                  ; --            ; --          ; --             ;
; SYNTHESIS_ONLY_QIP                   ; On                                                     ; --            ; --          ; --             ;
; TOP_LEVEL_ENTITY                     ; HT6221_top                                             ; HT6221        ; --          ; --             ;
+--------------------------------------+--------------------------------------------------------+---------------+-------------+----------------+


+-------------------------------------------------------------------------------------------------------------------------------+
; Flow Elapsed Time                                                                                                             ;
+---------------------------+--------------+-------------------------+---------------------+------------------------------------+
; Module Name               ; Elapsed Time ; Average Processors Used ; Peak Virtual Memory ; Total CPU Time (on all processors) ;
+---------------------------+--------------+-------------------------+---------------------+------------------------------------+
; Analysis & Synthesis      ; 00:00:21     ; 1.0                     ; 4869 MB             ; 00:00:15                           ;
; Fitter                    ; 00:00:03     ; 1.1                     ; 6505 MB             ; 00:00:02                           ;
; Assembler                 ; 00:00:01     ; 1.0                     ; 4672 MB             ; 00:00:01                           ;
; TimeQuest Timing Analyzer ; 00:00:02     ; 1.1                     ; 4908 MB             ; 00:00:01                           ;
; EDA Netlist Writer        ; 00:00:02     ; 1.0                     ; 4645 MB             ; 00:00:01                           ;
; Total                     ; 00:00:29     ; --                      ; --                  ; 00:00:20                           ;
+---------------------------+--------------+-------------------------+---------------------+------------------------------------+


+-----------------------------------------------------------------------------------------+
; Flow OS Summary                                                                         ;
+---------------------------+------------------+------------+------------+----------------+
; Module Name               ; Machine Hostname ; OS Name    ; OS Version ; Processor type ;
+---------------------------+------------------+------------+------------+----------------+
; Analysis & Synthesis      ; Henry            ; Windows 10 ; 10.0       ; x86_64         ;
; Fitter                    ; Henry            ; Windows 10 ; 10.0       ; x86_64         ;
; Assembler                 ; Henry            ; Windows 10 ; 10.0       ; x86_64         ;
; TimeQuest Timing Analyzer ; Henry            ; Windows 10 ; 10.0       ; x86_64         ;
; EDA Netlist Writer        ; Henry            ; Windows 10 ; 10.0       ; x86_64         ;
+---------------------------+------------------+------------+------------+----------------+


------------
; Flow Log ;
------------
quartus_map --read_settings_files=on --write_settings_files=off HT6221 -c HT6221
quartus_fit --read_settings_files=off --write_settings_files=off HT6221 -c HT6221
quartus_asm --read_settings_files=off --write_settings_files=off HT6221 -c HT6221
quartus_sta HT6221 -c HT6221
quartus_eda --read_settings_files=off --write_settings_files=off HT6221 -c HT6221



