Analysis & Synthesis report for HT6221
Fri Nov 24 20:09:27 2023
Quartus Prime Version 17.1.0 Build 590 10/25/2017 SJ Standard Edition


---------------------
; Table of Contents ;
---------------------
  1. Legal Notice
  2. Analysis & Synthesis Summary
  3. Analysis & Synthesis Settings
  4. Parallel Compilation
  5. Analysis & Synthesis Source Files Read
  6. Analysis & Synthesis Resource Usage Summary
  7. Analysis & Synthesis Resource Utilization by Entity
  8. Analysis & Synthesis IP Cores Summary
  9. State Machine - |HT6221_top|HT6221:HT6221|state
 10. General Register Statistics
 11. Inverted Register Statistics
 12. Multiplexer Restructuring Statistics (Restructuring Performed)
 13. Source assignments for issp:issp|altsource_probe_top:in_system_sources_probes_0|altsource_probe:issp_impl|altsource_probe_body:altsource_probe_body_inst|altsource_probe_impl:\wider_probe_gen:wider_probe_inst
 14. Parameter Settings for User Entity Instance: issp:issp|altsource_probe_top:in_system_sources_probes_0
 15. Parameter Settings for User Entity Instance: issp:issp|altsource_probe_top:in_system_sources_probes_0|altsource_probe:issp_impl
 16. Port Connectivity Checks: "issp:issp|altsource_probe_top:in_system_sources_probes_0|altsource_probe:issp_impl"
 17. Port Connectivity Checks: "issp:issp|altsource_probe_top:in_system_sources_probes_0"
 18. Post-Synthesis Netlist Statistics for Top Partition
 19. Elapsed Time Per Partition
 20. Analysis & Synthesis Messages



----------------
; Legal Notice ;
----------------
Copyright (C) 2017  Intel Corporation. All rights reserved.
Your use of Intel Corporation's design tools, logic functions 
and other software and tools, and its AMPP partner logic 
functions, and any output files from any of the foregoing 
(including device programming or simulation files), and any 
associated documentation or information are expressly subject 
to the terms and conditions of the Intel Program License 
Subscription Agreement, the Intel Quartus Prime License Agreement,
the Intel FPGA IP License Agreement, or other applicable license
agreement, including, without limitation, that your use is for
the sole purpose of programming logic devices manufactured by
Intel and sold by Intel or its authorized distributors.  Please
refer to the applicable agreement for further details.



+--------------------------------------------------------------------------------------+
; Analysis & Synthesis Summary                                                         ;
+------------------------------------+-------------------------------------------------+
; Analysis & Synthesis Status        ; Successful - Fri Nov 24 20:09:27 2023           ;
; Quartus Prime Version              ; 17.1.0 Build 590 10/25/2017 SJ Standard Edition ;
; Revision Name                      ; HT6221                                          ;
; Top-level Entity Name              ; HT6221_top                                      ;
; Family                             ; Cyclone IV E                                    ;
; Total logic elements               ; 380                                             ;
;     Total combinational functions  ; 357                                             ;
;     Dedicated logic registers      ; 189                                             ;
; Total registers                    ; 189                                             ;
; Total pins                         ; 36                                              ;
; Total virtual pins                 ; 0                                               ;
; Total memory bits                  ; 0                                               ;
; Embedded Multiplier 9-bit elements ; 0                                               ;
; Total PLLs                         ; 0                                               ;
+------------------------------------+-------------------------------------------------+


+----------------------------------------------------------------------------------------------------------------------+
; Analysis & Synthesis Settings                                                                                        ;
+----------------------------------------------------------------------------+--------------------+--------------------+
; Option                                                                     ; Setting            ; Default Value      ;
+----------------------------------------------------------------------------+--------------------+--------------------+
; Device                                                                     ; EP4CE10F17C8       ;                    ;
; Top-level entity name                                                      ; HT6221_top         ; HT6221             ;
; Family name                                                                ; Cyclone IV E       ; Cyclone V          ;
; Use smart compilation                                                      ; Off                ; Off                ;
; Enable parallel Assembler and TimeQuest Timing Analyzer during compilation ; On                 ; On                 ;
; Enable compact report table                                                ; Off                ; Off                ;
; Restructure Multiplexers                                                   ; Auto               ; Auto               ;
; Create Debugging Nodes for IP Cores                                        ; Off                ; Off                ;
; Preserve fewer node names                                                  ; On                 ; On                 ;
; Intel FPGA IP Evaluation Mode                                              ; Enable             ; Enable             ;
; Verilog Version                                                            ; Verilog_2001       ; Verilog_2001       ;
; VHDL Version                                                               ; VHDL_1993          ; VHDL_1993          ;
; State Machine Processing                                                   ; Auto               ; Auto               ;
; Safe State Machine                                                         ; Off                ; Off                ;
; Extract Verilog State Machines                                             ; On                 ; On                 ;
; Extract VHDL State Machines                                                ; On                 ; On                 ;
; Ignore Verilog initial constructs                                          ; Off                ; Off                ;
; Iteration limit for constant Verilog loops                                 ; 5000               ; 5000               ;
; Iteration limit for non-constant Verilog loops                             ; 250                ; 250                ;
; Add Pass-Through Logic to Inferred RAMs                                    ; On                 ; On                 ;
; Infer RAMs from Raw Logic                                                  ; On                 ; On                 ;
; Parallel Synthesis                                                         ; On                 ; On                 ;
; DSP Block Balancing                                                        ; Auto               ; Auto               ;
; NOT Gate Push-Back                                                         ; On                 ; On                 ;
; Power-Up Don't Care                                                        ; On                 ; On                 ;
; Remove Redundant Logic Cells                                               ; Off                ; Off                ;
; Remove Duplicate Registers                                                 ; On                 ; On                 ;
; Ignore CARRY Buffers                                                       ; Off                ; Off                ;
; Ignore CASCADE Buffers                                                     ; Off                ; Off                ;
; Ignore GLOBAL Buffers                                                      ; Off                ; Off                ;
; Ignore ROW GLOBAL Buffers                                                  ; Off                ; Off                ;
; Ignore LCELL Buffers                                                       ; Off                ; Off                ;
; Ignore SOFT Buffers                                                        ; On                 ; On                 ;
; Limit AHDL Integers to 32 Bits                                             ; Off                ; Off                ;
; Optimization Technique                                                     ; Balanced           ; Balanced           ;
; Carry Chain Length                                                         ; 70                 ; 70                 ;
; Auto Carry Chains                                                          ; On                 ; On                 ;
; Auto Open-Drain Pins                                                       ; On                 ; On                 ;
; Perform WYSIWYG Primitive Resynthesis                                      ; Off                ; Off                ;
; Auto ROM Replacement                                                       ; On                 ; On                 ;
; Auto RAM Replacement                                                       ; On                 ; On                 ;
; Auto DSP Block Replacement                                                 ; On                 ; On                 ;
; Auto Shift Register Replacement                                            ; Auto               ; Auto               ;
; Allow Shift Register Merging across Hierarchies                            ; Auto               ; Auto               ;
; Auto Clock Enable Replacement                                              ; On                 ; On                 ;
; Strict RAM Replacement                                                     ; Off                ; Off                ;
; Allow Synchronous Control Signals                                          ; On                 ; On                 ;
; Force Use of Synchronous Clear Signals                                     ; Off                ; Off                ;
; Auto RAM Block Balancing                                                   ; On                 ; On                 ;
; Auto RAM to Logic Cell Conversion                                          ; Off                ; Off                ;
; Auto Resource Sharing                                                      ; Off                ; Off                ;
; Allow Any RAM Size For Recognition                                         ; Off                ; Off                ;
; Allow Any ROM Size For Recognition                                         ; Off                ; Off                ;
; Allow Any Shift Register Size For Recognition                              ; Off                ; Off                ;
; Use LogicLock Constraints during Resource Balancing                        ; On                 ; On                 ;
; Ignore translate_off and synthesis_off directives                          ; Off                ; Off                ;
; Timing-Driven Synthesis                                                    ; On                 ; On                 ;
; Report Parameter Settings                                                  ; On                 ; On                 ;
; Report Source Assignments                                                  ; On                 ; On                 ;
; Report Connectivity Checks                                                 ; On                 ; On                 ;
; Ignore Maximum Fan-Out Assignments                                         ; Off                ; Off                ;
; Synchronization Register Chain Length                                      ; 2                  ; 2                  ;
; Power Optimization During Synthesis                                        ; Normal compilation ; Normal compilation ;
; HDL message level                                                          ; Level2             ; Level2             ;
; Suppress Register Optimization Related Messages                            ; Off                ; Off                ;
; Number of Removed Registers Reported in Synthesis Report                   ; 5000               ; 5000               ;
; Number of Swept Nodes Reported in Synthesis Report                         ; 5000               ; 5000               ;
; Number of Inverted Registers Reported in Synthesis Report                  ; 100                ; 100                ;
; Clock MUX Protection                                                       ; On                 ; On                 ;
; Auto Gated Clock Conversion                                                ; Off                ; Off                ;
; Block Design Naming                                                        ; Auto               ; Auto               ;
; SDC constraint protection                                                  ; Off                ; Off                ;
; Synthesis Effort                                                           ; Auto               ; Auto               ;
; Shift Register Replacement - Allow Asynchronous Clear Signal               ; On                 ; On                 ;
; Pre-Mapping Resynthesis Optimization                                       ; Off                ; Off                ;
; Analysis & Synthesis Message Level                                         ; Medium             ; Medium             ;
; Disable Register Merging Across Hierarchies                                ; Auto               ; Auto               ;
; Resource Aware Inference For Block RAM                                     ; On                 ; On                 ;
+----------------------------------------------------------------------------+--------------------+--------------------+


+------------------------------------------+
; Parallel Compilation                     ;
+----------------------------+-------------+
; Processors                 ; Number      ;
+----------------------------+-------------+
; Number detected on machine ; 16          ;
; Maximum allowed            ; 16          ;
;                            ;             ;
; Average used               ; 1.00        ;
; Maximum used               ; 16          ;
;                            ;             ;
; Usage by Processor         ; % Time Used ;
;     Processor 1            ; 100.0%      ;
;     Processor 2            ;   0.0%      ;
;     Processors 3-16        ;   0.0%      ;
+----------------------------+-------------+


+----------------------------------------------------------------------------------------------------------------------------------------------------------------------------------------------------------------------------------------------------------------+
; Analysis & Synthesis Source Files Read                                                                                                                                                                                                                         ;
+--------------------------------------------------------------------+-----------------+----------------------------------------------+------------------------------------------------------------------------------------------------------------+-------------+
; File Name with User-Entered Path                                   ; Used in Netlist ; File Type                                    ; File Name with Absolute Path                                                                               ; Library     ;
+--------------------------------------------------------------------+-----------------+----------------------------------------------+------------------------------------------------------------------------------------------------------------+-------------+
; ip/issp/synthesis/issp.v                                           ; yes             ; User Verilog HDL File                        ; C:/fpga/workspace/fpga-exps/HT6221/proj/ip/issp/synthesis/issp.v                                           ; issp        ;
; ip/issp/synthesis/submodules/altsource_probe_top.v                 ; yes             ; User Verilog HDL File                        ; C:/fpga/workspace/fpga-exps/HT6221/proj/ip/issp/synthesis/submodules/altsource_probe_top.v                 ; issp        ;
; ../rtl/HT6221.v                                                    ; yes             ; User Verilog HDL File                        ; C:/fpga/workspace/fpga-exps/HT6221/rtl/HT6221.v                                                            ;             ;
; ../rtl/HT6221_top.v                                                ; yes             ; User Verilog HDL File                        ; C:/fpga/workspace/fpga-exps/HT6221/rtl/HT6221_top.v                                                        ;             ;
; altsource_probe.v                                                  ; yes             ; Megafunction                                 ; c:/intelfpga/17.1/quartus/libraries/megafunctions/altsource_probe.v                                        ;             ;
; sld_jtag_endpoint_adapter.vhd                                      ; yes             ; Encrypted Megafunction                       ; c:/intelfpga/17.1/quartus/libraries/megafunctions/sld_jtag_endpoint_adapter.vhd                            ;             ;
; sld_jtag_endpoint_adapter_impl.sv                                  ; yes             ; Encrypted Megafunction                       ; c:/intelfpga/17.1/quartus/libraries/megafunctions/sld_jtag_endpoint_adapter_impl.sv                        ;             ;
; altsource_probe_body.vhd                                           ; yes             ; Megafunction                                 ; c:/intelfpga/17.1/quartus/libraries/megafunctions/altsource_probe_body.vhd                                 ;             ;
; sld_rom_sr.vhd                                                     ; yes             ; Encrypted Megafunction                       ; c:/intelfpga/17.1/quartus/libraries/megafunctions/sld_rom_sr.vhd                                           ;             ;
; sld_hub.vhd                                                        ; yes             ; Encrypted Megafunction                       ; c:/intelfpga/17.1/quartus/libraries/megafunctions/sld_hub.vhd                                              ; altera_sld  ;
; db/ip/sldbe3122b9/alt_sld_fab.v                                    ; yes             ; Encrypted Auto-Found Verilog HDL File        ; C:/fpga/workspace/fpga-exps/HT6221/proj/db/ip/sldbe3122b9/alt_sld_fab.v                                    ; alt_sld_fab ;
; db/ip/sldbe3122b9/submodules/alt_sld_fab_alt_sld_fab.v             ; yes             ; Encrypted Auto-Found Verilog HDL File        ; C:/fpga/workspace/fpga-exps/HT6221/proj/db/ip/sldbe3122b9/submodules/alt_sld_fab_alt_sld_fab.v             ; alt_sld_fab ;
; db/ip/sldbe3122b9/submodules/alt_sld_fab_alt_sld_fab_ident.sv      ; yes             ; Auto-Found SystemVerilog HDL File            ; C:/fpga/workspace/fpga-exps/HT6221/proj/db/ip/sldbe3122b9/submodules/alt_sld_fab_alt_sld_fab_ident.sv      ; alt_sld_fab ;
; db/ip/sldbe3122b9/submodules/alt_sld_fab_alt_sld_fab_presplit.sv   ; yes             ; Encrypted Auto-Found SystemVerilog HDL File  ; C:/fpga/workspace/fpga-exps/HT6221/proj/db/ip/sldbe3122b9/submodules/alt_sld_fab_alt_sld_fab_presplit.sv   ; alt_sld_fab ;
; db/ip/sldbe3122b9/submodules/alt_sld_fab_alt_sld_fab_sldfabric.vhd ; yes             ; Encrypted Auto-Found VHDL File               ; C:/fpga/workspace/fpga-exps/HT6221/proj/db/ip/sldbe3122b9/submodules/alt_sld_fab_alt_sld_fab_sldfabric.vhd ; alt_sld_fab ;
; db/ip/sldbe3122b9/submodules/alt_sld_fab_alt_sld_fab_splitter.sv   ; yes             ; Encrypted Auto-Found SystemVerilog HDL File  ; C:/fpga/workspace/fpga-exps/HT6221/proj/db/ip/sldbe3122b9/submodules/alt_sld_fab_alt_sld_fab_splitter.sv   ; alt_sld_fab ;
; sld_jtag_hub.vhd                                                   ; yes             ; Encrypted Megafunction                       ; c:/intelfpga/17.1/quartus/libraries/megafunctions/sld_jtag_hub.vhd                                         ;             ;
+--------------------------------------------------------------------+-----------------+----------------------------------------------+------------------------------------------------------------------------------------------------------------+-------------+


+------------------------------------------------------------------------+
; Analysis & Synthesis Resource Usage Summary                            ;
+---------------------------------------------+--------------------------+
; Resource                                    ; Usage                    ;
+---------------------------------------------+--------------------------+
; Estimated Total logic elements              ; 380                      ;
;                                             ;                          ;
; Total combinational functions               ; 357                      ;
; Logic element usage by number of LUT inputs ;                          ;
;     -- 4 input functions                    ; 192                      ;
;     -- 3 input functions                    ; 92                       ;
;     -- <=2 input functions                  ; 73                       ;
;                                             ;                          ;
; Logic elements by mode                      ;                          ;
;     -- normal mode                          ; 326                      ;
;     -- arithmetic mode                      ; 31                       ;
;                                             ;                          ;
; Total registers                             ; 189                      ;
;     -- Dedicated logic registers            ; 189                      ;
;     -- I/O registers                        ; 0                        ;
;                                             ;                          ;
; I/O pins                                    ; 36                       ;
;                                             ;                          ;
; Embedded Multiplier 9-bit elements          ; 0                        ;
;                                             ;                          ;
; Maximum fan-out node                        ; altera_internal_jtag~TDO ;
; Maximum fan-out                             ; 143                      ;
; Total fan-out                               ; 1886                     ;
; Average fan-out                             ; 3.01                     ;
+---------------------------------------------+--------------------------+


+--------------------------------------------------------------------------------------------------------------------------------------------------------------------------------------------------------------------------------------------------------------------------------------------------------------------------------------------------------------------------------------------------------------------------------------------------------------------------------------------------------------------------------------------------------------------------------------------------------------------------------------------------------------------------------+
; Analysis & Synthesis Resource Utilization by Entity                                                                                                                                                                                                                                                                                                                                                                                                                                                                                                                                                                                                                            ;
+-----------------------------------------------------------------------------------------------------------------------------------------+---------------------+---------------------------+-------------+--------------+---------+-----------+------+--------------+--------------------------------------------------------------------------------------------------------------------------------------------------------------------------------------------------------------------------------------------------------------------------------------------------------------------------------------------------------+-----------------------------------+--------------+
; Compilation Hierarchy Node                                                                                                              ; Combinational ALUTs ; Dedicated Logic Registers ; Memory Bits ; DSP Elements ; DSP 9x9 ; DSP 18x18 ; Pins ; Virtual Pins ; Full Hierarchy Name                                                                                                                                                                                                                                                                                                                                    ; Entity Name                       ; Library Name ;
+-----------------------------------------------------------------------------------------------------------------------------------------+---------------------+---------------------------+-------------+--------------+---------+-----------+------+--------------+--------------------------------------------------------------------------------------------------------------------------------------------------------------------------------------------------------------------------------------------------------------------------------------------------------------------------------------------------------+-----------------------------------+--------------+
; |HT6221_top                                                                                                                             ; 357 (2)             ; 189 (0)                   ; 0           ; 0            ; 0       ; 0         ; 36   ; 0            ; |HT6221_top                                                                                                                                                                                                                                                                                                                                            ; HT6221_top                        ; work         ;
;    |HT6221:HT6221|                                                                                                                      ; 181 (181)           ; 69 (69)                   ; 0           ; 0            ; 0       ; 0         ; 0    ; 0            ; |HT6221_top|HT6221:HT6221                                                                                                                                                                                                                                                                                                                              ; HT6221                            ; work         ;
;    |issp:issp|                                                                                                                          ; 56 (0)              ; 41 (0)                    ; 0           ; 0            ; 0       ; 0         ; 0    ; 0            ; |HT6221_top|issp:issp                                                                                                                                                                                                                                                                                                                                  ; issp                              ; issp         ;
;       |altsource_probe_top:in_system_sources_probes_0|                                                                                  ; 56 (0)              ; 41 (0)                    ; 0           ; 0            ; 0       ; 0         ; 0    ; 0            ; |HT6221_top|issp:issp|altsource_probe_top:in_system_sources_probes_0                                                                                                                                                                                                                                                                                   ; altsource_probe_top               ; issp         ;
;          |altsource_probe:issp_impl|                                                                                                    ; 56 (0)              ; 41 (0)                    ; 0           ; 0            ; 0       ; 0         ; 0    ; 0            ; |HT6221_top|issp:issp|altsource_probe_top:in_system_sources_probes_0|altsource_probe:issp_impl                                                                                                                                                                                                                                                         ; altsource_probe                   ; work         ;
;             |altsource_probe_body:altsource_probe_body_inst|                                                                            ; 56 (3)              ; 41 (0)                    ; 0           ; 0            ; 0       ; 0         ; 0    ; 0            ; |HT6221_top|issp:issp|altsource_probe_top:in_system_sources_probes_0|altsource_probe:issp_impl|altsource_probe_body:altsource_probe_body_inst                                                                                                                                                                                                          ; altsource_probe_body              ; work         ;
;                |altsource_probe_impl:\wider_probe_gen:wider_probe_inst|                                                                 ; 53 (40)             ; 41 (34)                   ; 0           ; 0            ; 0       ; 0         ; 0    ; 0            ; |HT6221_top|issp:issp|altsource_probe_top:in_system_sources_probes_0|altsource_probe:issp_impl|altsource_probe_body:altsource_probe_body_inst|altsource_probe_impl:\wider_probe_gen:wider_probe_inst                                                                                                                                                   ; altsource_probe_impl              ; work         ;
;                   |sld_rom_sr:\no_instance_id_gen:rom_info_inst|                                                                        ; 13 (13)             ; 7 (7)                     ; 0           ; 0            ; 0       ; 0         ; 0    ; 0            ; |HT6221_top|issp:issp|altsource_probe_top:in_system_sources_probes_0|altsource_probe:issp_impl|altsource_probe_body:altsource_probe_body_inst|altsource_probe_impl:\wider_probe_gen:wider_probe_inst|sld_rom_sr:\no_instance_id_gen:rom_info_inst                                                                                                      ; sld_rom_sr                        ; work         ;
;    |sld_hub:auto_hub|                                                                                                                   ; 118 (1)             ; 79 (0)                    ; 0           ; 0            ; 0       ; 0         ; 0    ; 0            ; |HT6221_top|sld_hub:auto_hub                                                                                                                                                                                                                                                                                                                           ; sld_hub                           ; altera_sld   ;
;       |alt_sld_fab_with_jtag_input:\instrumentation_fabric_with_node_gen:fabric_gen_new_way:with_jtag_input_gen:instrumentation_fabric| ; 117 (0)             ; 79 (0)                    ; 0           ; 0            ; 0       ; 0         ; 0    ; 0            ; |HT6221_top|sld_hub:auto_hub|alt_sld_fab_with_jtag_input:\instrumentation_fabric_with_node_gen:fabric_gen_new_way:with_jtag_input_gen:instrumentation_fabric                                                                                                                                                                                           ; alt_sld_fab_with_jtag_input       ; altera_sld   ;
;          |alt_sld_fab:instrumentation_fabric|                                                                                           ; 117 (0)             ; 79 (0)                    ; 0           ; 0            ; 0       ; 0         ; 0    ; 0            ; |HT6221_top|sld_hub:auto_hub|alt_sld_fab_with_jtag_input:\instrumentation_fabric_with_node_gen:fabric_gen_new_way:with_jtag_input_gen:instrumentation_fabric|alt_sld_fab:instrumentation_fabric                                                                                                                                                        ; alt_sld_fab                       ; alt_sld_fab  ;
;             |alt_sld_fab_alt_sld_fab:alt_sld_fab|                                                                                       ; 117 (1)             ; 79 (5)                    ; 0           ; 0            ; 0       ; 0         ; 0    ; 0            ; |HT6221_top|sld_hub:auto_hub|alt_sld_fab_with_jtag_input:\instrumentation_fabric_with_node_gen:fabric_gen_new_way:with_jtag_input_gen:instrumentation_fabric|alt_sld_fab:instrumentation_fabric|alt_sld_fab_alt_sld_fab:alt_sld_fab                                                                                                                    ; alt_sld_fab_alt_sld_fab           ; alt_sld_fab  ;
;                |alt_sld_fab_alt_sld_fab_sldfabric:sldfabric|                                                                            ; 116 (0)             ; 74 (0)                    ; 0           ; 0            ; 0       ; 0         ; 0    ; 0            ; |HT6221_top|sld_hub:auto_hub|alt_sld_fab_with_jtag_input:\instrumentation_fabric_with_node_gen:fabric_gen_new_way:with_jtag_input_gen:instrumentation_fabric|alt_sld_fab:instrumentation_fabric|alt_sld_fab_alt_sld_fab:alt_sld_fab|alt_sld_fab_alt_sld_fab_sldfabric:sldfabric                                                                        ; alt_sld_fab_alt_sld_fab_sldfabric ; alt_sld_fab  ;
;                   |sld_jtag_hub:\jtag_hub_gen:real_sld_jtag_hub|                                                                        ; 116 (78)            ; 74 (46)                   ; 0           ; 0            ; 0       ; 0         ; 0    ; 0            ; |HT6221_top|sld_hub:auto_hub|alt_sld_fab_with_jtag_input:\instrumentation_fabric_with_node_gen:fabric_gen_new_way:with_jtag_input_gen:instrumentation_fabric|alt_sld_fab:instrumentation_fabric|alt_sld_fab_alt_sld_fab:alt_sld_fab|alt_sld_fab_alt_sld_fab_sldfabric:sldfabric|sld_jtag_hub:\jtag_hub_gen:real_sld_jtag_hub                           ; sld_jtag_hub                      ; work         ;
;                      |sld_rom_sr:hub_info_reg|                                                                                          ; 20 (20)             ; 9 (9)                     ; 0           ; 0            ; 0       ; 0         ; 0    ; 0            ; |HT6221_top|sld_hub:auto_hub|alt_sld_fab_with_jtag_input:\instrumentation_fabric_with_node_gen:fabric_gen_new_way:with_jtag_input_gen:instrumentation_fabric|alt_sld_fab:instrumentation_fabric|alt_sld_fab_alt_sld_fab:alt_sld_fab|alt_sld_fab_alt_sld_fab_sldfabric:sldfabric|sld_jtag_hub:\jtag_hub_gen:real_sld_jtag_hub|sld_rom_sr:hub_info_reg   ; sld_rom_sr                        ; work         ;
;                      |sld_shadow_jsm:shadow_jsm|                                                                                        ; 18 (18)             ; 19 (19)                   ; 0           ; 0            ; 0       ; 0         ; 0    ; 0            ; |HT6221_top|sld_hub:auto_hub|alt_sld_fab_with_jtag_input:\instrumentation_fabric_with_node_gen:fabric_gen_new_way:with_jtag_input_gen:instrumentation_fabric|alt_sld_fab:instrumentation_fabric|alt_sld_fab_alt_sld_fab:alt_sld_fab|alt_sld_fab_alt_sld_fab_sldfabric:sldfabric|sld_jtag_hub:\jtag_hub_gen:real_sld_jtag_hub|sld_shadow_jsm:shadow_jsm ; sld_shadow_jsm                    ; altera_sld   ;
+-----------------------------------------------------------------------------------------------------------------------------------------+---------------------+---------------------------+-------------+--------------+---------+-----------+------+--------------+--------------------------------------------------------------------------------------------------------------------------------------------------------------------------------------------------------------------------------------------------------------------------------------------------------------------------------------------------------+-----------------------------------+--------------+
Note: For table entries with two numbers listed, the numbers in parentheses indicate the number of resources of the given type used by the specific entity alone. The numbers listed outside of parentheses indicate the total resources of the given type used by the specific entity and all of its sub-entities in the hierarchy.


+--------------------------------------------------------------------------------------------------------------------------------------------------------------------------------------------------------------------------------------------------------------------------------------------------------------------------------------------------------------------------------------+
; Analysis & Synthesis IP Cores Summary                                                                                                                                                                                                                                                                                                                                                ;
+--------+---------------------------------+---------+--------------+--------------+---------------------------------------------------------------------------------------------------------------------------------------------------------------------------------------------------------------------------------------------------------------------------------+-----------------+
; Vendor ; IP Core Name                    ; Version ; Release Date ; License Type ; Entity Instance                                                                                                                                                                                                                                                                 ; IP Include File ;
+--------+---------------------------------+---------+--------------+--------------+---------------------------------------------------------------------------------------------------------------------------------------------------------------------------------------------------------------------------------------------------------------------------------+-----------------+
; Altera ; Signal Tap                      ; N/A     ; N/A          ; Licensed     ; |HT6221_top|sld_hub:auto_hub|alt_sld_fab_with_jtag_input:\instrumentation_fabric_with_node_gen:fabric_gen_new_way:with_jtag_input_gen:instrumentation_fabric|alt_sld_fab:instrumentation_fabric                                                                                 ;                 ;
; Altera ; Signal Tap                      ; N/A     ; N/A          ; Licensed     ; |HT6221_top|sld_hub:auto_hub|alt_sld_fab_with_jtag_input:\instrumentation_fabric_with_node_gen:fabric_gen_new_way:with_jtag_input_gen:instrumentation_fabric|alt_sld_fab:instrumentation_fabric|alt_sld_fab_alt_sld_fab:alt_sld_fab                                             ;                 ;
; Altera ; Signal Tap                      ; N/A     ; N/A          ; Licensed     ; |HT6221_top|sld_hub:auto_hub|alt_sld_fab_with_jtag_input:\instrumentation_fabric_with_node_gen:fabric_gen_new_way:with_jtag_input_gen:instrumentation_fabric|alt_sld_fab:instrumentation_fabric|alt_sld_fab_alt_sld_fab:alt_sld_fab|alt_sld_fab_alt_sld_fab_presplit:presplit   ;                 ;
; Altera ; Signal Tap                      ; N/A     ; N/A          ; Licensed     ; |HT6221_top|sld_hub:auto_hub|alt_sld_fab_with_jtag_input:\instrumentation_fabric_with_node_gen:fabric_gen_new_way:with_jtag_input_gen:instrumentation_fabric|alt_sld_fab:instrumentation_fabric|alt_sld_fab_alt_sld_fab:alt_sld_fab|alt_sld_fab_alt_sld_fab_sldfabric:sldfabric ;                 ;
; Altera ; Signal Tap                      ; N/A     ; N/A          ; Licensed     ; |HT6221_top|sld_hub:auto_hub|alt_sld_fab_with_jtag_input:\instrumentation_fabric_with_node_gen:fabric_gen_new_way:with_jtag_input_gen:instrumentation_fabric|alt_sld_fab:instrumentation_fabric|alt_sld_fab_alt_sld_fab:alt_sld_fab|alt_sld_fab_alt_sld_fab_splitter:splitter   ;                 ;
; N/A    ; altera_in_system_sources_probes ; 17.1    ; N/A          ; N/A          ; |HT6221_top|issp:issp                                                                                                                                                                                                                                                           ; ip/issp.qsys    ;
+--------+---------------------------------+---------+--------------+--------------+---------------------------------------------------------------------------------------------------------------------------------------------------------------------------------------------------------------------------------------------------------------------------------+-----------------+


Encoding Type:  One-Hot
+--------------------------------------------------------------------------------+
; State Machine - |HT6221_top|HT6221:HT6221|state                                ;
+----------------+----------------+----------------+----------------+------------+
; Name           ; state.data_get ; state.leader_0 ; state.leader_1 ; state.idle ;
+----------------+----------------+----------------+----------------+------------+
; state.idle     ; 0              ; 0              ; 0              ; 0          ;
; state.leader_1 ; 0              ; 0              ; 1              ; 1          ;
; state.leader_0 ; 0              ; 1              ; 0              ; 1          ;
; state.data_get ; 1              ; 0              ; 0              ; 1          ;
+----------------+----------------+----------------+----------------+------------+


+------------------------------------------------------+
; General Register Statistics                          ;
+----------------------------------------------+-------+
; Statistic                                    ; Value ;
+----------------------------------------------+-------+
; Total registers                              ; 189   ;
; Number of registers using Synchronous Clear  ; 31    ;
; Number of registers using Synchronous Load   ; 11    ;
; Number of registers using Asynchronous Clear ; 128   ;
; Number of registers using Asynchronous Load  ; 0     ;
; Number of registers using Clock Enable       ; 91    ;
; Number of registers using Preset             ; 0     ;
+----------------------------------------------+-------+


+-------------------------------------------------------------------------------------------------------------------------------------------------------------------------------------------------------------------------------------------------------------------------------------------------------------------------------------------+
; Inverted Register Statistics                                                                                                                                                                                                                                                                                                              ;
+---------------------------------------------------------------------------------------------------------------------------------------------------------------------------------------------------------------------------------------------------------------------------------------------------------------------------------+---------+
; Inverted Register                                                                                                                                                                                                                                                                                                               ; Fan out ;
+---------------------------------------------------------------------------------------------------------------------------------------------------------------------------------------------------------------------------------------------------------------------------------------------------------------------------------+---------+
; HT6221:HT6221|iIR_sync_1                                                                                                                                                                                                                                                                                                        ; 11      ;
; HT6221:HT6221|iIR_sync_0                                                                                                                                                                                                                                                                                                        ; 12      ;
; sld_hub:auto_hub|alt_sld_fab_with_jtag_input:\instrumentation_fabric_with_node_gen:fabric_gen_new_way:with_jtag_input_gen:instrumentation_fabric|alt_sld_fab:instrumentation_fabric|alt_sld_fab_alt_sld_fab:alt_sld_fab|alt_sld_fab_alt_sld_fab_sldfabric:sldfabric|sld_jtag_hub:\jtag_hub_gen:real_sld_jtag_hub|jtag_ir_reg[2] ; 2       ;
; sld_hub:auto_hub|alt_sld_fab_with_jtag_input:\instrumentation_fabric_with_node_gen:fabric_gen_new_way:with_jtag_input_gen:instrumentation_fabric|alt_sld_fab:instrumentation_fabric|alt_sld_fab_alt_sld_fab:alt_sld_fab|alt_sld_fab_alt_sld_fab_sldfabric:sldfabric|sld_jtag_hub:\jtag_hub_gen:real_sld_jtag_hub|jtag_ir_reg[1] ; 3       ;
; Total number of inverted registers = 4                                                                                                                                                                                                                                                                                          ;         ;
+---------------------------------------------------------------------------------------------------------------------------------------------------------------------------------------------------------------------------------------------------------------------------------------------------------------------------------+---------+


+---------------------------------------------------------------------------------------------------------------------------------------------------------------------------------------------------------------------------------------------------------------------------------------------------------------------------------------------------------------------------------+
; Multiplexer Restructuring Statistics (Restructuring Performed)                                                                                                                                                                                                                                                                                                                  ;
+--------------------+-----------+---------------+----------------------+------------------------+------------+-------------------------------------------------------------------------------------------------------------------------------------------------------------------------------------------------------------------------------------------------------------------+
; Multiplexer Inputs ; Bus Width ; Baseline Area ; Area if Restructured ; Saving if Restructured ; Registered ; Example Multiplexer Output                                                                                                                                                                                                                                        ;
+--------------------+-----------+---------------+----------------------+------------------------+------------+-------------------------------------------------------------------------------------------------------------------------------------------------------------------------------------------------------------------------------------------------------------------+
; 4:1                ; 3 bits    ; 6 LEs         ; 3 LEs                ; 3 LEs                  ; Yes        ; |HT6221_top|issp:issp|altsource_probe_top:in_system_sources_probes_0|altsource_probe:issp_impl|altsource_probe_body:altsource_probe_body_inst|altsource_probe_impl:\wider_probe_gen:wider_probe_inst|sld_rom_sr:\no_instance_id_gen:rom_info_inst|word_counter[2] ;
; 5:1                ; 31 bits   ; 93 LEs        ; 62 LEs               ; 31 LEs                 ; Yes        ; |HT6221_top|issp:issp|altsource_probe_top:in_system_sources_probes_0|altsource_probe:issp_impl|altsource_probe_body:altsource_probe_body_inst|altsource_probe_impl:\wider_probe_gen:wider_probe_inst|shift_reg[16]                                                ;
; 9:1                ; 4 bits    ; 24 LEs        ; 16 LEs               ; 8 LEs                  ; Yes        ; |HT6221_top|issp:issp|altsource_probe_top:in_system_sources_probes_0|altsource_probe:issp_impl|altsource_probe_body:altsource_probe_body_inst|altsource_probe_impl:\wider_probe_gen:wider_probe_inst|sld_rom_sr:\no_instance_id_gen:rom_info_inst|WORD_SR[0]      ;
+--------------------+-----------+---------------+----------------------+------------------------+------------+-------------------------------------------------------------------------------------------------------------------------------------------------------------------------------------------------------------------------------------------------------------------+


+-----------------------------------------------------------------------------------------------------------------------------------------------------------------------------------------------------------------+
; Source assignments for issp:issp|altsource_probe_top:in_system_sources_probes_0|altsource_probe:issp_impl|altsource_probe_body:altsource_probe_body_inst|altsource_probe_impl:\wider_probe_gen:wider_probe_inst ;
+---------------------------------+-------+------+----------------------------------------------------------------------------------------------------------------------------------------------------------------+
; Assignment                      ; Value ; From ; To                                                                                                                                                             ;
+---------------------------------+-------+------+----------------------------------------------------------------------------------------------------------------------------------------------------------------+
; NOT_GATE_PUSH_BACK              ; OFF   ; -    ; -                                                                                                                                                              ;
; POWER_UP_LEVEL                  ; LOW   ; -    ; -                                                                                                                                                              ;
; AUTO_SHIFT_REGISTER_RECOGNITION ; OFF   ; -    ; -                                                                                                                                                              ;
; AUTO_CLOCK_ENABLE_RECOGNITION   ; OFF   ; -    ; hold_reg[0]                                                                                                                                                    ;
+---------------------------------+-------+------+----------------------------------------------------------------------------------------------------------------------------------------------------------------+


+-------------------------------------------------------------------------------------------------------+
; Parameter Settings for User Entity Instance: issp:issp|altsource_probe_top:in_system_sources_probes_0 ;
+-------------------------+-----------------+-----------------------------------------------------------+
; Parameter Name          ; Value           ; Type                                                      ;
+-------------------------+-----------------+-----------------------------------------------------------+
; lpm_type                ; altsource_probe ; String                                                    ;
; lpm_hint                ; UNUSED          ; String                                                    ;
; sld_auto_instance_index ; YES             ; String                                                    ;
; sld_instance_index      ; 0               ; Signed Integer                                            ;
; sld_node_info_parameter ; 4746752         ; Signed Integer                                            ;
; sld_ir_width            ; 4               ; Signed Integer                                            ;
; instance_id             ; NONE            ; String                                                    ;
; probe_width             ; 32              ; Signed Integer                                            ;
; source_width            ; 0               ; Signed Integer                                            ;
; source_initial_value    ; 0               ; String                                                    ;
; enable_metastability    ; NO              ; String                                                    ;
+-------------------------+-----------------+-----------------------------------------------------------+
Note: In order to hide this table in the UI and the text report file, please set the "Show Parameter Settings in Synthesis Report" option in "Analysis and Synthesis Settings -> More Settings" to "Off".


+---------------------------------------------------------------------------------------------------------------------------------+
; Parameter Settings for User Entity Instance: issp:issp|altsource_probe_top:in_system_sources_probes_0|altsource_probe:issp_impl ;
+-------------------------+-----------------+-------------------------------------------------------------------------------------+
; Parameter Name          ; Value           ; Type                                                                                ;
+-------------------------+-----------------+-------------------------------------------------------------------------------------+
; lpm_type                ; altsource_probe ; String                                                                              ;
; lpm_hint                ; UNUSED          ; String                                                                              ;
; sld_auto_instance_index ; YES             ; String                                                                              ;
; sld_instance_index      ; 0               ; Signed Integer                                                                      ;
; SLD_NODE_INFO           ; 4746752         ; Signed Integer                                                                      ;
; sld_ir_width            ; 4               ; Signed Integer                                                                      ;
; instance_id             ; NONE            ; String                                                                              ;
; probe_width             ; 32              ; Signed Integer                                                                      ;
; source_width            ; 0               ; Signed Integer                                                                      ;
; source_initial_value    ; 0               ; String                                                                              ;
; enable_metastability    ; NO              ; String                                                                              ;
+-------------------------+-----------------+-------------------------------------------------------------------------------------+
Note: In order to hide this table in the UI and the text report file, please set the "Show Parameter Settings in Synthesis Report" option in "Analysis and Synthesis Settings -> More Settings" to "Off".


+------------------------------------------------------------------------------------------------------------------------------------------------------------------------------------+
; Port Connectivity Checks: "issp:issp|altsource_probe_top:in_system_sources_probes_0|altsource_probe:issp_impl"                                                                     ;
+-----------------+--------+----------+----------------------------------------------------------------------------------------------------------------------------------------------+
; Port            ; Type   ; Severity ; Details                                                                                                                                      ;
+-----------------+--------+----------+----------------------------------------------------------------------------------------------------------------------------------------------+
; raw_tck         ; Input  ; Warning  ; Declared by entity but not connected by instance. If a default value exists, it will be used.  Otherwise, the port will be connected to GND. ;
; tdi             ; Input  ; Warning  ; Declared by entity but not connected by instance. If a default value exists, it will be used.  Otherwise, the port will be connected to GND. ;
; usr1            ; Input  ; Warning  ; Declared by entity but not connected by instance. If a default value exists, it will be used.  Otherwise, the port will be connected to GND. ;
; jtag_state_cdr  ; Input  ; Warning  ; Declared by entity but not connected by instance. If a default value exists, it will be used.  Otherwise, the port will be connected to GND. ;
; jtag_state_sdr  ; Input  ; Warning  ; Declared by entity but not connected by instance. If a default value exists, it will be used.  Otherwise, the port will be connected to GND. ;
; jtag_state_e1dr ; Input  ; Warning  ; Declared by entity but not connected by instance. If a default value exists, it will be used.  Otherwise, the port will be connected to GND. ;
; jtag_state_udr  ; Input  ; Warning  ; Declared by entity but not connected by instance. If a default value exists, it will be used.  Otherwise, the port will be connected to GND. ;
; jtag_state_cir  ; Input  ; Warning  ; Declared by entity but not connected by instance. If a default value exists, it will be used.  Otherwise, the port will be connected to GND. ;
; jtag_state_uir  ; Input  ; Warning  ; Declared by entity but not connected by instance. If a default value exists, it will be used.  Otherwise, the port will be connected to GND. ;
; jtag_state_tlr  ; Input  ; Warning  ; Declared by entity but not connected by instance. If a default value exists, it will be used.  Otherwise, the port will be connected to GND. ;
; clr             ; Input  ; Warning  ; Declared by entity but not connected by instance. If a default value exists, it will be used.  Otherwise, the port will be connected to GND. ;
; ena             ; Input  ; Warning  ; Declared by entity but not connected by instance. If a default value exists, it will be used.  Otherwise, the port will be connected to GND. ;
; ir_in           ; Input  ; Warning  ; Declared by entity but not connected by instance. If a default value exists, it will be used.  Otherwise, the port will be connected to GND. ;
; ir_out          ; Output ; Warning  ; Declared by entity but not connected by instance. Logic that only feeds a dangling port will be removed.                                     ;
; tdo             ; Output ; Warning  ; Declared by entity but not connected by instance. Logic that only feeds a dangling port will be removed.                                     ;
+-----------------+--------+----------+----------------------------------------------------------------------------------------------------------------------------------------------+


+-------------------------------------------------------------------------------------------------------------------------------------------------------------------------------+
; Port Connectivity Checks: "issp:issp|altsource_probe_top:in_system_sources_probes_0"                                                                                          ;
+------------+--------+----------+----------------------------------------------------------------------------------------------------------------------------------------------+
; Port       ; Type   ; Severity ; Details                                                                                                                                      ;
+------------+--------+----------+----------------------------------------------------------------------------------------------------------------------------------------------+
; source     ; Output ; Warning  ; Declared by entity but not connected by instance. Logic that only feeds a dangling port will be removed.                                     ;
; source_clk ; Input  ; Warning  ; Declared by entity but not connected by instance. If a default value exists, it will be used.  Otherwise, the port will be connected to GND. ;
; source_ena ; Input  ; Warning  ; Declared by entity but not connected by instance. If a default value exists, it will be used.  Otherwise, the port will be connected to GND. ;
+------------+--------+----------+----------------------------------------------------------------------------------------------------------------------------------------------+


+-----------------------------------------------------+
; Post-Synthesis Netlist Statistics for Top Partition ;
+-----------------------+-----------------------------+
; Type                  ; Count                       ;
+-----------------------+-----------------------------+
; boundary_port         ; 57                          ;
; cycloneiii_ff         ; 110                         ;
;     CLR               ; 52                          ;
;     CLR SCLR          ; 19                          ;
;     ENA               ; 7                           ;
;     ENA CLR           ; 31                          ;
;     plain             ; 1                           ;
; cycloneiii_lcell_comb ; 238                         ;
;     arith             ; 23                          ;
;         2 data inputs ; 22                          ;
;         3 data inputs ; 1                           ;
;     normal            ; 215                         ;
;         0 data inputs ; 1                           ;
;         1 data inputs ; 3                           ;
;         2 data inputs ; 8                           ;
;         3 data inputs ; 61                          ;
;         4 data inputs ; 142                         ;
;                       ;                             ;
; Max LUT depth         ; 4.00                        ;
; Average LUT depth     ; 2.72                        ;
+-----------------------+-----------------------------+


+-------------------------------+
; Elapsed Time Per Partition    ;
+----------------+--------------+
; Partition Name ; Elapsed Time ;
+----------------+--------------+
; Top            ; 00:00:00     ;
+----------------+--------------+


+-------------------------------+
; Analysis & Synthesis Messages ;
+-------------------------------+
Info: *******************************************************************
Info: Running Quartus Prime Analysis & Synthesis
    Info: Version 17.1.0 Build 590 10/25/2017 SJ Standard Edition
    Info: Processing started: Fri Nov 24 20:09:05 2023
Info: Command: quartus_map --read_settings_files=on --write_settings_files=off HT6221 -c HT6221
Warning (18236): Number of processors has not been specified which may cause overloading on shared machines.  Set the global assignment NUM_PARALLEL_PROCESSORS in your QSF to an appropriate value for best performance.
Info (20030): Parallel compilation is enabled and will use 16 of the 16 processors detected
Info (12248): Elaborating Platform Designer system entity "issp.qsys"
Info (12250): 2023.11.24.20:09:14 Progress: Loading ip/issp.qsys
Info (12250): 2023.11.24.20:09:14 Progress: Reading input file
Info (12250): 2023.11.24.20:09:14 Progress: Adding in_system_sources_probes_0 [altera_in_system_sources_probes 17.1]
Info (12250): 2023.11.24.20:09:14 Progress: Parameterizing module in_system_sources_probes_0
Info (12250): 2023.11.24.20:09:14 Progress: Building connections
Info (12250): 2023.11.24.20:09:14 Progress: Parameterizing connections
Info (12250): 2023.11.24.20:09:14 Progress: Validating
Info (12250): 2023.11.24.20:09:15 Progress: Done reading input file
Info (12250): Issp: Generating issp "issp" for QUARTUS_SYNTH
Info (12250): In_system_sources_probes_0: "issp" instantiated altera_in_system_sources_probes "in_system_sources_probes_0"
Info (12250): Issp: Done "issp" with 2 modules, 2 files
Info (12249): Finished elaborating Platform Designer system entity "issp.qsys"
Info (12021): Found 1 design units, including 1 entities, in source file ip/issp/synthesis/issp.v
    Info (12023): Found entity 1: issp File: C:/fpga/workspace/fpga-exps/HT6221/proj/ip/issp/synthesis/issp.v Line: 6
Info (12021): Found 1 design units, including 1 entities, in source file ip/issp/synthesis/submodules/altsource_probe_top.v
    Info (12023): Found entity 1: altsource_probe_top File: C:/fpga/workspace/fpga-exps/HT6221/proj/ip/issp/synthesis/submodules/altsource_probe_top.v Line: 14
Info (12021): Found 1 design units, including 1 entities, in source file /fpga/workspace/fpga-exps/ht6221/rtl/ht6221.v
    Info (12023): Found entity 1: HT6221 File: C:/fpga/workspace/fpga-exps/HT6221/rtl/HT6221.v Line: 1
Info (12021): Found 1 design units, including 1 entities, in source file /fpga/workspace/fpga-exps/ht6221/testbench/ht6221_tb.v
    Info (12023): Found entity 1: HT6221_tb File: C:/fpga/workspace/fpga-exps/HT6221/testbench/HT6221_tb.v Line: 7
Info (12021): Found 1 design units, including 1 entities, in source file /fpga/workspace/fpga-exps/ht6221/rtl/ht6221_top.v
    Info (12023): Found entity 1: HT6221_top File: C:/fpga/workspace/fpga-exps/HT6221/rtl/HT6221_top.v Line: 1
Info (15248): File "c:/fpga/workspace/fpga-exps/ht6221/proj/db/ip/issp/issp.v" is a duplicate of already analyzed file "C:/fpga/workspace/fpga-exps/HT6221/proj/ip/issp/synthesis/issp.v" (same filename, same library name and same md5 digest). Skipping analysis of this file.
Info (12021): Found 0 design units, including 0 entities, in source file db/ip/issp/issp.v
Info (15248): File "c:/fpga/workspace/fpga-exps/ht6221/proj/db/ip/issp/submodules/altsource_probe_top.v" is a duplicate of already analyzed file "C:/fpga/workspace/fpga-exps/HT6221/proj/ip/issp/synthesis/submodules/altsource_probe_top.v" (same filename, same library name and same md5 digest). Skipping analysis of this file.
Info (12021): Found 0 design units, including 0 entities, in source file db/ip/issp/submodules/altsource_probe_top.v
Info (12127): Elaborating entity "HT6221_top" for the top level hierarchy
Info (12128): Elaborating entity "HT6221" for hierarchy "HT6221:HT6221" File: C:/fpga/workspace/fpga-exps/HT6221/rtl/HT6221_top.v Line: 25
Warning (10036): Verilog HDL or VHDL warning at HT6221.v(28): object "timeout" assigned a value but never read File: C:/fpga/workspace/fpga-exps/HT6221/rtl/HT6221.v Line: 28
Warning (10230): Verilog HDL assignment warning at HT6221.v(43): truncated value with size 32 to match size of target (19) File: C:/fpga/workspace/fpga-exps/HT6221/rtl/HT6221.v Line: 43
Warning (10230): Verilog HDL assignment warning at HT6221.v(199): truncated value with size 32 to match size of target (6) File: C:/fpga/workspace/fpga-exps/HT6221/rtl/HT6221.v Line: 199
Warning (10230): Verilog HDL assignment warning at HT6221.v(205): truncated value with size 32 to match size of target (6) File: C:/fpga/workspace/fpga-exps/HT6221/rtl/HT6221.v Line: 205
Info (12128): Elaborating entity "issp" for hierarchy "issp:issp" File: C:/fpga/workspace/fpga-exps/HT6221/rtl/HT6221_top.v Line: 29
Info (12128): Elaborating entity "altsource_probe_top" for hierarchy "issp:issp|altsource_probe_top:in_system_sources_probes_0" File: C:/fpga/workspace/fpga-exps/HT6221/proj/ip/issp/synthesis/issp.v Line: 19
Info (12128): Elaborating entity "altsource_probe" for hierarchy "issp:issp|altsource_probe_top:in_system_sources_probes_0|altsource_probe:issp_impl" File: C:/fpga/workspace/fpga-exps/HT6221/proj/ip/issp/synthesis/submodules/altsource_probe_top.v Line: 55
Info (12130): Elaborated megafunction instantiation "issp:issp|altsource_probe_top:in_system_sources_probes_0|altsource_probe:issp_impl" File: C:/fpga/workspace/fpga-exps/HT6221/proj/ip/issp/synthesis/submodules/altsource_probe_top.v Line: 55
Info (12133): Instantiated megafunction "issp:issp|altsource_probe_top:in_system_sources_probes_0|altsource_probe:issp_impl" with the following parameter: File: C:/fpga/workspace/fpga-exps/HT6221/proj/ip/issp/synthesis/submodules/altsource_probe_top.v Line: 55
    Info (12134): Parameter "lpm_type" = "altsource_probe"
    Info (12134): Parameter "lpm_hint" = "UNUSED"
    Info (12134): Parameter "sld_auto_instance_index" = "YES"
    Info (12134): Parameter "sld_instance_index" = "0"
    Info (12134): Parameter "SLD_NODE_INFO" = "4746752"
    Info (12134): Parameter "sld_ir_width" = "4"
    Info (12134): Parameter "instance_id" = "NONE"
    Info (12134): Parameter "probe_width" = "32"
    Info (12134): Parameter "source_width" = "0"
    Info (12134): Parameter "source_initial_value" = "0"
    Info (12134): Parameter "enable_metastability" = "NO"
Info (12128): Elaborating entity "sld_jtag_endpoint_adapter" for hierarchy "issp:issp|altsource_probe_top:in_system_sources_probes_0|altsource_probe:issp_impl|sld_jtag_endpoint_adapter:jtag_signal_adapter" File: c:/intelfpga/17.1/quartus/libraries/megafunctions/altsource_probe.v Line: 168
Info (12128): Elaborating entity "sld_jtag_endpoint_adapter_impl" for hierarchy "issp:issp|altsource_probe_top:in_system_sources_probes_0|altsource_probe:issp_impl|sld_jtag_endpoint_adapter:jtag_signal_adapter|sld_jtag_endpoint_adapter_impl:sld_jtag_endpoint_adapter_impl_inst" File: c:/intelfpga/17.1/quartus/libraries/megafunctions/sld_jtag_endpoint_adapter.vhd Line: 232
Info (12128): Elaborating entity "altsource_probe_body" for hierarchy "issp:issp|altsource_probe_top:in_system_sources_probes_0|altsource_probe:issp_impl|altsource_probe_body:altsource_probe_body_inst" File: c:/intelfpga/17.1/quartus/libraries/megafunctions/altsource_probe.v Line: 280
Info (12128): Elaborating entity "altsource_probe_impl" for hierarchy "issp:issp|altsource_probe_top:in_system_sources_probes_0|altsource_probe:issp_impl|altsource_probe_body:altsource_probe_body_inst|altsource_probe_impl:\wider_probe_gen:wider_probe_inst" File: c:/intelfpga/17.1/quartus/libraries/megafunctions/altsource_probe_body.vhd Line: 507
Info (12128): Elaborating entity "sld_rom_sr" for hierarchy "issp:issp|altsource_probe_top:in_system_sources_probes_0|altsource_probe:issp_impl|altsource_probe_body:altsource_probe_body_inst|altsource_probe_impl:\wider_probe_gen:wider_probe_inst|sld_rom_sr:\no_instance_id_gen:rom_info_inst" File: c:/intelfpga/17.1/quartus/libraries/megafunctions/altsource_probe_body.vhd Line: 775
Info (11170): Starting IP generation for the debug fabric: alt_sld_fab.
Info (11172): 2023.11.24.20:09:20 Progress: Loading sldbe3122b9/alt_sld_fab_wrapper_hw.tcl
Info (11172): Alt_sld_fab.alt_sld_fab: SLD fabric agents which did not specify prefer_host were connected to JTAG
Info (11172): Alt_sld_fab: Generating alt_sld_fab "alt_sld_fab" for QUARTUS_SYNTH
Info (11172): Alt_sld_fab: "alt_sld_fab" instantiated alt_sld_fab "alt_sld_fab"
Info (11172): Presplit: "alt_sld_fab" instantiated altera_super_splitter "presplit"
Info (11172): Splitter: "alt_sld_fab" instantiated altera_sld_splitter "splitter"
Info (11172): Sldfabric: "alt_sld_fab" instantiated altera_sld_jtag_hub "sldfabric"
Info (11172): Ident: "alt_sld_fab" instantiated altera_connection_identification_hub "ident"
Info (11172): Alt_sld_fab: Done "alt_sld_fab" with 6 modules, 6 files
Info (11171): Finished IP generation for the debug fabric: alt_sld_fab.
Info (12021): Found 1 design units, including 1 entities, in source file db/ip/sldbe3122b9/alt_sld_fab.v
    Info (12023): Found entity 1: alt_sld_fab File: C:/fpga/workspace/fpga-exps/HT6221/proj/db/ip/sldbe3122b9/alt_sld_fab.v Line: 9
Info (12021): Found 1 design units, including 1 entities, in source file db/ip/sldbe3122b9/submodules/alt_sld_fab_alt_sld_fab.v
    Info (12023): Found entity 1: alt_sld_fab_alt_sld_fab File: C:/fpga/workspace/fpga-exps/HT6221/proj/db/ip/sldbe3122b9/submodules/alt_sld_fab_alt_sld_fab.v Line: 9
Info (12021): Found 1 design units, including 1 entities, in source file db/ip/sldbe3122b9/submodules/alt_sld_fab_alt_sld_fab_ident.sv
    Info (12023): Found entity 1: alt_sld_fab_alt_sld_fab_ident File: C:/fpga/workspace/fpga-exps/HT6221/proj/db/ip/sldbe3122b9/submodules/alt_sld_fab_alt_sld_fab_ident.sv Line: 33
Info (12021): Found 1 design units, including 1 entities, in source file db/ip/sldbe3122b9/submodules/alt_sld_fab_alt_sld_fab_presplit.sv
    Info (12023): Found entity 1: alt_sld_fab_alt_sld_fab_presplit File: C:/fpga/workspace/fpga-exps/HT6221/proj/db/ip/sldbe3122b9/submodules/alt_sld_fab_alt_sld_fab_presplit.sv Line: 3
Info (12021): Found 2 design units, including 1 entities, in source file db/ip/sldbe3122b9/submodules/alt_sld_fab_alt_sld_fab_sldfabric.vhd
    Info (12022): Found design unit 1: alt_sld_fab_alt_sld_fab_sldfabric-rtl File: C:/fpga/workspace/fpga-exps/HT6221/proj/db/ip/sldbe3122b9/submodules/alt_sld_fab_alt_sld_fab_sldfabric.vhd Line: 102
    Info (12023): Found entity 1: alt_sld_fab_alt_sld_fab_sldfabric File: C:/fpga/workspace/fpga-exps/HT6221/proj/db/ip/sldbe3122b9/submodules/alt_sld_fab_alt_sld_fab_sldfabric.vhd Line: 11
Info (12021): Found 1 design units, including 1 entities, in source file db/ip/sldbe3122b9/submodules/alt_sld_fab_alt_sld_fab_splitter.sv
    Info (12023): Found entity 1: alt_sld_fab_alt_sld_fab_splitter File: C:/fpga/workspace/fpga-exps/HT6221/proj/db/ip/sldbe3122b9/submodules/alt_sld_fab_alt_sld_fab_splitter.sv Line: 3
Warning (12241): 2 hierarchies have connectivity warnings - see the Connectivity Checks report folder
Info (13000): Registers with preset signals will power-up high File: C:/fpga/workspace/fpga-exps/HT6221/rtl/HT6221.v Line: 89
Info (13003): DEV_CLRn pin will set, and not reset, register with preset signal due to NOT Gate Push-Back
Info (286031): Timing-Driven Synthesis is running on partition "Top"
Info (16010): Generating hard_block partition "hard_block:auto_generated_inst"
    Info (16011): Adding 0 node(s), including 0 DDIO, 0 PLL, 0 transceiver and 0 LCELL
Info (21057): Implemented 426 device resources after synthesis - the final resource count might be different
    Info (21058): Implemented 6 input pins
    Info (21059): Implemented 34 output pins
    Info (21061): Implemented 385 logic cells
Info: Quartus Prime Analysis & Synthesis was successful. 0 errors, 6 warnings
    Info: Peak virtual memory: 4869 megabytes
    Info: Processing ended: Fri Nov 24 20:09:27 2023
    Info: Elapsed time: 00:00:22
    Info: Total CPU time (on all processors): 00:00:16


